<?xml version="1.0" encoding="UTF-8"?>
<coverage generated="1783647183637" clover="3.2.0">
  <project timestamp="1783647183637" name="All files">
    <metrics statements="428" coveredstatements="363" conditionals="314" coveredconditionals="162" methods="85" coveredmethods="78" elements="827" coveredelements="603" complexity="0" loc="428" ncloc="428" packages="1" files="2" classes="2"/>
    <file name="db.js" path="E:\Quan Li Phong Tro\HostelMate\server\db.js">
      <metrics statements="98" coveredstatements="87" conditionals="31" coveredconditionals="17" methods="31" coveredmethods="28"/>
      <line num="5" count="1" type="stmt"/>
      <line num="6" count="1" type="stmt"/>
      <line num="7" count="1" type="stmt"/>
      <line num="8" count="1" type="cond" truecount="1" falsecount="1"/>
      <line num="12" count="1" type="stmt"/>
      <line num="13" count="1" type="stmt"/>
      <line num="14" count="1" type="stmt"/>
      <line num="17" count="1" type="stmt"/>
      <line num="18" count="1" type="cond" truecount="1" falsecount="1"/>
      <line num="19" count="0" type="stmt"/>
      <line num="20" count="0" type="stmt"/>
      <line num="22" count="1" type="cond" truecount="1" falsecount="1"/>
      <line num="23" count="0" type="stmt"/>
      <line num="25" count="1" type="stmt"/>
      <line num="29" count="1" type="stmt"/>
      <line num="30" count="1" type="stmt"/>
      <line num="31" count="1" type="stmt"/>
      <line num="32" count="1" type="cond" truecount="1" falsecount="1"/>
      <line num="33" count="1" type="stmt"/>
      <line num="39" count="1" type="cond" truecount="1" falsecount="0"/>
      <line num="40" count="14" type="stmt"/>
      <line num="41" count="14" type="stmt"/>
      <line num="42" count="14" type="cond" truecount="1" falsecount="1"/>
      <line num="43" count="14" type="stmt"/>
      <line num="48" count="1" type="cond" truecount="0" falsecount="1"/>
      <line num="49" count="32" type="stmt"/>
      <line num="50" count="32" type="stmt"/>
      <line num="51" count="32" type="cond" truecount="1" falsecount="1"/>
      <line num="52" count="32" type="cond" truecount="2" falsecount="0"/>
      <line num="57" count="1" type="cond" truecount="0" falsecount="1"/>
      <line num="58" count="31" type="stmt"/>
      <line num="59" count="31" type="stmt"/>
      <line num="60" count="31" type="cond" truecount="1" falsecount="1"/>
      <line num="61" count="31" type="stmt"/>
      <line num="66" count="1" type="stmt"/>
      <line num="67" count="0" type="stmt"/>
      <line num="68" count="0" type="stmt"/>
      <line num="69" count="0" type="stmt"/>
      <line num="77" count="1" type="stmt"/>
      <line num="78" count="1" type="stmt"/>
      <line num="80" count="1" type="stmt"/>
      <line num="83" count="1" type="stmt"/>
      <line num="99" count="1" type="stmt"/>
      <line num="116" count="1" type="stmt"/>
      <line num="134" count="1" type="stmt"/>
      <line num="151" count="1" type="stmt"/>
      <line num="175" count="1" type="stmt"/>
      <line num="194" count="1" type="stmt"/>
      <line num="195" count="1" type="stmt"/>
      <line num="196" count="1" type="stmt"/>
      <line num="197" count="1" type="stmt"/>
      <line num="198" count="1" type="stmt"/>
      <line num="199" count="1" type="stmt"/>
      <line num="200" count="1" type="stmt"/>
      <line num="201" count="1" type="stmt"/>
      <line num="202" count="1" type="stmt"/>
      <line num="203" count="1" type="stmt"/>
      <line num="204" count="1" type="stmt"/>
      <line num="207" count="1" type="stmt"/>
      <line num="208" count="1" type="cond" truecount="1" falsecount="1"/>
      <line num="209" count="0" type="stmt"/>
      <line num="210" count="1" type="cond" truecount="3" falsecount="1"/>
      <line num="211" count="1" type="stmt"/>
      <line num="213" count="0" type="stmt"/>
      <line num="221" count="1" type="stmt"/>
      <line num="222" count="1" type="cond" truecount="1" falsecount="1"/>
      <line num="223" count="0" type="stmt"/>
      <line num="225" count="1" type="stmt"/>
      <line num="232" count="1" type="stmt"/>
      <line num="238" count="1" type="stmt"/>
      <line num="244" count="1" type="stmt"/>
      <line num="249" count="1" type="stmt"/>
      <line num="254" count="1" type="stmt"/>
      <line num="259" count="1" type="stmt"/>
      <line num="260" count="1" type="stmt"/>
      <line num="261" count="4" type="stmt"/>
      <line num="262" count="1" type="stmt"/>
      <line num="264" count="1" type="stmt"/>
      <line num="265" count="3" type="stmt"/>
      <line num="266" count="1" type="stmt"/>
      <line num="268" count="1" type="stmt"/>
      <line num="269" count="3" type="stmt"/>
      <line num="270" count="1" type="stmt"/>
      <line num="272" count="1" type="stmt"/>
      <line num="273" count="2" type="stmt"/>
      <line num="274" count="1" type="stmt"/>
      <line num="276" count="1" type="stmt"/>
      <line num="277" count="2" type="stmt"/>
      <line num="278" count="1" type="stmt"/>
      <line num="280" count="1" type="stmt"/>
      <line num="281" count="2" type="stmt"/>
      <line num="282" count="1" type="stmt"/>
      <line num="284" count="1" type="stmt"/>
      <line num="285" count="1" type="cond" truecount="1" falsecount="1"/>
      <line num="286" count="0" type="stmt"/>
      <line num="288" count="1" type="cond" truecount="1" falsecount="1"/>
      <line num="289" count="0" type="stmt"/>
      <line num="291" count="1" type="stmt"/>
    </file>
    <file name="server.js" path="E:\Quan Li Phong Tro\HostelMate\server\server.js">
      <metrics statements="330" coveredstatements="276" conditionals="283" coveredconditionals="145" methods="54" coveredmethods="50"/>
      <line num="6" count="1" type="stmt"/>
      <line num="7" count="1" type="cond" truecount="2" falsecount="0"/>
      <line num="9" count="1" type="stmt"/>
      <line num="10" count="1" type="stmt"/>
      <line num="13" count="9" type="stmt"/>
      <line num="16" count="1" type="stmt"/>
      <line num="17" count="7" type="cond" truecount="1" falsecount="1"/>
      <line num="18" count="7" type="stmt"/>
      <line num="32" count="1" type="stmt"/>
      <line num="33" count="7" type="cond" truecount="1" falsecount="1"/>
      <line num="34" count="7" type="stmt"/>
      <line num="49" count="1" type="stmt"/>
      <line num="50" count="2" type="cond" truecount="1" falsecount="1"/>
      <line num="51" count="2" type="stmt"/>
      <line num="67" count="1" type="stmt"/>
      <line num="68" count="6" type="cond" truecount="1" falsecount="1"/>
      <line num="69" count="6" type="stmt"/>
      <line num="84" count="1" type="stmt"/>
      <line num="85" count="5" type="cond" truecount="1" falsecount="1"/>
      <line num="86" count="5" type="stmt"/>
      <line num="107" count="1" type="stmt"/>
      <line num="108" count="5" type="cond" truecount="1" falsecount="1"/>
      <line num="109" count="5" type="stmt"/>
      <line num="127" count="1" type="stmt"/>
      <line num="128" count="1" type="stmt"/>
      <line num="129" count="1" type="stmt"/>
      <line num="132" count="1" type="stmt"/>
      <line num="140" count="1" type="stmt"/>
      <line num="141" count="4" type="stmt"/>
      <line num="142" count="12" type="stmt"/>
      <line num="143" count="3" type="stmt"/>
      <line num="168" count="4" type="cond" truecount="2" falsecount="2"/>
      <line num="169" count="4" type="stmt"/>
      <line num="170" count="4" type="stmt"/>
      <line num="171" count="4" type="stmt"/>
      <line num="173" count="4" type="stmt"/>
      <line num="182" count="1" type="stmt"/>
      <line num="184" count="0" type="stmt"/>
      <line num="185" count="0" type="stmt"/>
      <line num="189" count="1" type="stmt"/>
      <line num="190" count="2" type="stmt"/>
      <line num="191" count="2" type="stmt"/>
      <line num="192" count="2" type="cond" truecount="2" falsecount="0"/>
      <line num="193" count="1" type="stmt"/>
      <line num="196" count="1" type="stmt"/>
      <line num="203" count="1" type="stmt"/>
      <line num="227" count="1" type="cond" truecount="0" falsecount="4"/>
      <line num="228" count="1" type="cond" truecount="1" falsecount="1"/>
      <line num="230" count="1" type="stmt"/>
      <line num="237" count="0" type="stmt"/>
      <line num="241" count="1" type="stmt"/>
      <line num="242" count="1" type="stmt"/>
      <line num="243" count="1" type="stmt"/>
      <line num="244" count="1" type="cond" truecount="1" falsecount="5"/>
      <line num="246" count="1" type="stmt"/>
      <line num="251" count="1" type="stmt"/>
      <line num="252" count="1" type="stmt"/>
      <line num="254" count="0" type="stmt"/>
      <line num="258" count="1" type="stmt"/>
      <line num="259" count="2" type="stmt"/>
      <line num="260" count="2" type="stmt"/>
      <line num="262" count="2" type="stmt"/>
      <line num="263" count="2" type="cond" truecount="2" falsecount="0"/>
      <line num="264" count="1" type="stmt"/>
      <line num="267" count="1" type="stmt"/>
      <line num="277" count="1" type="stmt"/>
      <line num="283" count="1" type="stmt"/>
      <line num="284" count="1" type="stmt"/>
      <line num="286" count="0" type="stmt"/>
      <line num="290" count="1" type="stmt"/>
      <line num="291" count="2" type="stmt"/>
      <line num="292" count="2" type="stmt"/>
      <line num="293" count="2" type="cond" truecount="2" falsecount="0"/>
      <line num="294" count="1" type="stmt"/>
      <line num="296" count="1" type="stmt"/>
      <line num="297" count="1" type="stmt"/>
      <line num="299" count="0" type="stmt"/>
      <line num="305" count="1" type="stmt"/>
      <line num="306" count="1" type="stmt"/>
      <line num="307" count="1" type="stmt"/>
      <line num="308" count="1" type="stmt"/>
      <line num="310" count="0" type="stmt"/>
      <line num="314" count="1" type="stmt"/>
      <line num="315" count="2" type="stmt"/>
      <line num="316" count="2" type="stmt"/>
      <line num="317" count="2" type="cond" truecount="2" falsecount="0"/>
      <line num="318" count="1" type="stmt"/>
      <line num="320" count="1" type="stmt"/>
      <line num="322" count="0" type="stmt"/>
      <line num="326" count="1" type="stmt"/>
      <line num="327" count="2" type="stmt"/>
      <line num="328" count="2" type="stmt"/>
      <line num="329" count="2" type="cond" truecount="4" falsecount="3"/>
      <line num="331" count="2" type="stmt"/>
      <line num="336" count="2" type="stmt"/>
      <line num="337" count="2" type="stmt"/>
      <line num="339" count="0" type="stmt"/>
      <line num="343" count="1" type="stmt"/>
      <line num="344" count="2" type="stmt"/>
      <line num="345" count="2" type="stmt"/>
      <line num="346" count="2" type="stmt"/>
      <line num="347" count="2" type="cond" truecount="2" falsecount="0"/>
      <line num="349" count="1" type="stmt"/>
      <line num="360" count="1" type="stmt"/>
      <line num="366" count="1" type="stmt"/>
      <line num="367" count="1" type="stmt"/>
      <line num="369" count="0" type="stmt"/>
      <line num="373" count="1" type="stmt"/>
      <line num="374" count="1" type="stmt"/>
      <line num="375" count="1" type="stmt"/>
      <line num="376" count="1" type="stmt"/>
      <line num="378" count="0" type="stmt"/>
      <line num="384" count="1" type="stmt"/>
      <line num="385" count="1" type="stmt"/>
      <line num="386" count="1" type="stmt"/>
      <line num="389" count="1" type="stmt"/>
      <line num="390" count="1" type="cond" truecount="1" falsecount="1"/>
      <line num="391" count="1" type="cond" truecount="1" falsecount="1"/>
      <line num="392" count="0" type="stmt"/>
      <line num="396" count="1" type="stmt"/>
      <line num="397" count="1" type="cond" truecount="1" falsecount="1"/>
      <line num="398" count="1" type="cond" truecount="1" falsecount="1"/>
      <line num="399" count="0" type="stmt"/>
      <line num="403" count="1" type="stmt"/>
      <line num="404" count="1" type="cond" truecount="1" falsecount="1"/>
      <line num="405" count="0" type="stmt"/>
      <line num="409" count="1" type="stmt"/>
      <line num="410" count="1" type="cond" truecount="1" falsecount="1"/>
      <line num="411" count="0" type="stmt"/>
      <line num="415" count="1" type="cond" truecount="1" falsecount="1"/>
      <line num="416" count="1" type="stmt"/>
      <line num="419" count="1" type="stmt"/>
      <line num="420" count="1" type="stmt"/>
      <line num="426" count="1" type="stmt"/>
      <line num="428" count="1" type="stmt"/>
      <line num="429" count="1" type="stmt"/>
      <line num="431" count="0" type="stmt"/>
      <line num="435" count="1" type="stmt"/>
      <line num="436" count="1" type="stmt"/>
      <line num="437" count="1" type="stmt"/>
      <line num="438" count="1" type="cond" truecount="1" falsecount="1"/>
      <line num="441" count="1" type="stmt"/>
      <line num="443" count="1" type="stmt"/>
      <line num="445" count="1" type="stmt"/>
      <line num="447" count="0" type="stmt"/>
      <line num="451" count="1" type="stmt"/>
      <line num="452" count="1" type="stmt"/>
      <line num="453" count="1" type="stmt"/>
      <line num="454" count="1" type="cond" truecount="1" falsecount="1"/>
      <line num="456" count="1" type="stmt"/>
      <line num="457" count="1" type="stmt"/>
      <line num="460" count="1" type="stmt"/>
      <line num="461" count="1" type="cond" truecount="1" falsecount="1"/>
      <line num="462" count="1" type="stmt"/>
      <line num="465" count="1" type="stmt"/>
      <line num="467" count="0" type="stmt"/>
      <line num="471" count="1" type="stmt"/>
      <line num="472" count="1" type="stmt"/>
      <line num="473" count="1" type="stmt"/>
      <line num="474" count="1" type="stmt"/>
      <line num="475" count="1" type="stmt"/>
      <line num="476" count="1" type="stmt"/>
      <line num="478" count="0" type="stmt"/>
      <line num="482" count="1" type="stmt"/>
      <line num="483" count="1" type="stmt"/>
      <line num="484" count="1" type="cond" truecount="1" falsecount="1"/>
      <line num="485" count="1" type="stmt"/>
      <line num="486" count="1" type="stmt"/>
      <line num="487" count="1" type="stmt"/>
      <line num="489" count="1" type="stmt"/>
      <line num="490" count="1" type="stmt"/>
      <line num="492" count="1" type="stmt"/>
      <line num="506" count="1" type="stmt"/>
      <line num="531" count="1" type="stmt"/>
      <line num="533" count="0" type="stmt"/>
      <line num="539" count="1" type="stmt"/>
      <line num="540" count="1" type="stmt"/>
      <line num="541" count="1" type="stmt"/>
      <line num="548" count="2" type="stmt"/>
      <line num="562" count="1" type="stmt"/>
      <line num="564" count="0" type="stmt"/>
      <line num="568" count="1" type="stmt"/>
      <line num="569" count="1" type="stmt"/>
      <line num="570" count="1" type="stmt"/>
      <line num="571" count="1" type="stmt"/>
      <line num="573" count="0" type="stmt"/>
      <line num="577" count="1" type="stmt"/>
      <line num="578" count="1" type="stmt"/>
      <line num="579" count="1" type="stmt"/>
      <line num="580" count="1" type="stmt"/>
      <line num="582" count="0" type="stmt"/>
      <line num="586" count="1" type="stmt"/>
      <line num="587" count="2" type="stmt"/>
      <line num="588" count="2" type="stmt"/>
      <line num="589" count="2" type="cond" truecount="0" falsecount="2"/>
      <line num="591" count="2" type="cond" truecount="15" falsecount="1"/>
      <line num="596" count="0" type="stmt"/>
      <line num="599" count="2" type="cond" truecount="2" falsecount="0"/>
      <line num="600" count="1" type="stmt"/>
      <line num="602" count="1" type="cond" truecount="1" falsecount="1"/>
      <line num="603" count="0" type="stmt"/>
      <line num="606" count="1" type="stmt"/>
      <line num="611" count="1" type="stmt"/>
      <line num="612" count="1" type="stmt"/>
      <line num="614" count="0" type="stmt"/>
      <line num="618" count="1" type="stmt"/>
      <line num="619" count="1" type="stmt"/>
      <line num="620" count="1" type="stmt"/>
      <line num="621" count="1" type="stmt"/>
      <line num="622" count="1" type="cond" truecount="1" falsecount="1"/>
      <line num="624" count="1" type="stmt"/>
      <line num="635" count="1" type="cond" truecount="15" falsecount="1"/>
      <line num="640" count="0" type="stmt"/>
      <line num="643" count="1" type="cond" truecount="1" falsecount="1"/>
      <line num="644" count="0" type="stmt"/>
      <line num="646" count="1" type="cond" truecount="1" falsecount="1"/>
      <line num="647" count="0" type="stmt"/>
      <line num="650" count="1" type="stmt"/>
      <line num="656" count="1" type="stmt"/>
      <line num="657" count="1" type="stmt"/>
      <line num="659" count="0" type="stmt"/>
      <line num="663" count="1" type="stmt"/>
      <line num="664" count="1" type="stmt"/>
      <line num="665" count="1" type="stmt"/>
      <line num="666" count="1" type="stmt"/>
      <line num="668" count="0" type="stmt"/>
      <line num="674" count="1" type="stmt"/>
      <line num="675" count="1" type="stmt"/>
      <line num="676" count="1" type="stmt"/>
      <line num="688" count="2" type="stmt"/>
      <line num="724" count="1" type="stmt"/>
      <line num="726" count="0" type="stmt"/>
      <line num="730" count="1" type="stmt"/>
      <line num="731" count="1" type="stmt"/>
      <line num="732" count="1" type="stmt"/>
      <line num="740" count="1" type="stmt"/>
      <line num="742" count="1" type="stmt"/>
      <line num="743" count="2" type="cond" truecount="3" falsecount="1"/>
      <line num="744" count="2" type="cond" truecount="8" falsecount="8"/>
      <line num="747" count="1" type="stmt"/>
      <line num="748" count="1" type="stmt"/>
      <line num="749" count="1" type="stmt"/>
      <line num="751" count="0" type="stmt"/>
      <line num="755" count="1" type="stmt"/>
      <line num="756" count="1" type="stmt"/>
      <line num="757" count="1" type="stmt"/>
      <line num="769" count="1" type="cond" truecount="1" falsecount="1"/>
      <line num="771" count="1" type="stmt"/>
      <line num="807" count="0" type="stmt"/>
      <line num="811" count="1" type="stmt"/>
      <line num="812" count="1" type="stmt"/>
      <line num="813" count="1" type="stmt"/>
      <line num="828" count="1" type="stmt"/>
      <line num="830" count="1" type="stmt"/>
      <line num="835" count="1" type="stmt"/>
      <line num="836" count="1" type="stmt"/>
      <line num="838" count="0" type="stmt"/>
      <line num="842" count="1" type="stmt"/>
      <line num="843" count="0" type="stmt"/>
      <line num="844" count="0" type="stmt"/>
      <line num="845" count="0" type="stmt"/>
      <line num="846" count="0" type="cond" truecount="0" falsecount="2"/>
      <line num="848" count="0" type="stmt"/>
      <line num="865" count="0" type="stmt"/>
      <line num="871" count="0" type="stmt"/>
      <line num="872" count="0" type="stmt"/>
      <line num="874" count="0" type="stmt"/>
      <line num="878" count="1" type="stmt"/>
      <line num="879" count="1" type="stmt"/>
      <line num="880" count="1" type="stmt"/>
      <line num="881" count="1" type="stmt"/>
      <line num="883" count="0" type="stmt"/>
      <line num="887" count="1" type="stmt"/>
      <line num="888" count="1" type="stmt"/>
      <line num="889" count="1" type="stmt"/>
      <line num="890" count="1" type="stmt"/>
      <line num="897" count="1" type="stmt"/>
      <line num="899" count="0" type="stmt"/>
      <line num="903" count="1" type="stmt"/>
      <line num="904" count="1" type="stmt"/>
      <line num="905" count="1" type="stmt"/>
      <line num="906" count="1" type="stmt"/>
      <line num="912" count="1" type="stmt"/>
      <line num="913" count="1" type="stmt"/>
      <line num="915" count="0" type="stmt"/>
      <line num="921" count="1" type="stmt"/>
      <line num="922" count="1" type="stmt"/>
      <line num="923" count="1" type="stmt"/>
      <line num="933" count="2" type="stmt"/>
      <line num="958" count="1" type="stmt"/>
      <line num="960" count="0" type="stmt"/>
      <line num="964" count="1" type="stmt"/>
      <line num="965" count="1" type="stmt"/>
      <line num="966" count="1" type="stmt"/>
      <line num="976" count="1" type="cond" truecount="1" falsecount="1"/>
      <line num="978" count="1" type="stmt"/>
      <line num="1003" count="0" type="stmt"/>
      <line num="1007" count="1" type="stmt"/>
      <line num="1008" count="2" type="stmt"/>
      <line num="1009" count="2" type="stmt"/>
      <line num="1010" count="2" type="cond" truecount="1" falsecount="4"/>
      <line num="1012" count="2" type="cond" truecount="1" falsecount="1"/>
      <line num="1013" count="2" type="stmt"/>
      <line num="1014" count="2" type="cond" truecount="2" falsecount="0"/>
      <line num="1015" count="1" type="stmt"/>
      <line num="1019" count="1" type="stmt"/>
      <line num="1024" count="1" type="stmt"/>
      <line num="1025" count="1" type="stmt"/>
      <line num="1027" count="0" type="stmt"/>
      <line num="1031" count="1" type="stmt"/>
      <line num="1032" count="1" type="stmt"/>
      <line num="1033" count="1" type="stmt"/>
      <line num="1034" count="1" type="stmt"/>
      <line num="1035" count="1" type="cond" truecount="1" falsecount="1"/>
      <line num="1037" count="1" type="stmt"/>
      <line num="1038" count="1" type="cond" truecount="4" falsecount="1"/>
      <line num="1039" count="1" type="stmt"/>
      <line num="1042" count="1" type="stmt"/>
      <line num="1054" count="1" type="stmt"/>
      <line num="1060" count="1" type="stmt"/>
      <line num="1061" count="1" type="stmt"/>
      <line num="1063" count="0" type="stmt"/>
      <line num="1067" count="1" type="stmt"/>
      <line num="1068" count="1" type="stmt"/>
      <line num="1069" count="1" type="stmt"/>
      <line num="1070" count="1" type="stmt"/>
      <line num="1072" count="0" type="stmt"/>
      <line num="1078" count="1" type="cond" truecount="1" falsecount="1"/>
      <line num="1079" count="0" type="stmt"/>
      <line num="1080" count="0" type="stmt"/>
    </file>
  </project>
</coverage>
