<?xml version="1.0" encoding="UTF-8"?>
<coverage generated="1783648858789" clover="3.2.0">
  <project timestamp="1783648858789" name="All files">
    <metrics statements="425" coveredstatements="361" conditionals="312" coveredconditionals="161" methods="85" coveredmethods="78" elements="822" coveredelements="600" complexity="0" loc="425" ncloc="425" packages="1" files="2" classes="2"/>
    <file name="db.js" path="E:\Quan Li Phong Tro\HostelMate\server\db.js">
      <metrics statements="98" coveredstatements="87" conditionals="31" coveredconditionals="17" methods="31" coveredmethods="28"/>
      <line num="5" count="1" type="stmt"/>
      <line num="6" count="1" type="stmt"/>
      <line num="7" count="1" type="stmt"/>
      <line num="8" count="1" type="cond" truecount="1" falsecount="1"/>
      <line num="12" count="1" type="stmt"/>
      <line num="13" count="1" type="stmt"/>
      <line num="14" count="1" type="stmt"/>
      <line num="17" count="1" type="stmt"/>
      <line num="18" count="1" type="cond" truecount="1" falsecount="1"/>
      <line num="19" count="0" type="stmt"/>
      <line num="20" count="0" type="stmt"/>
      <line num="22" count="1" type="cond" truecount="1" falsecount="1"/>
      <line num="23" count="0" type="stmt"/>
      <line num="25" count="1" type="stmt"/>
      <line num="29" count="1" type="stmt"/>
      <line num="30" count="1" type="stmt"/>
      <line num="31" count="1" type="stmt"/>
      <line num="32" count="1" type="cond" truecount="1" falsecount="1"/>
      <line num="33" count="1" type="stmt"/>
      <line num="39" count="1" type="cond" truecount="1" falsecount="0"/>
      <line num="40" count="13" type="stmt"/>
      <line num="41" count="13" type="stmt"/>
      <line num="42" count="13" type="cond" truecount="1" falsecount="1"/>
      <line num="43" count="13" type="stmt"/>
      <line num="48" count="1" type="cond" truecount="0" falsecount="1"/>
      <line num="49" count="32" type="stmt"/>
      <line num="50" count="32" type="stmt"/>
      <line num="51" count="32" type="cond" truecount="1" falsecount="1"/>
      <line num="52" count="32" type="cond" truecount="2" falsecount="0"/>
      <line num="57" count="1" type="cond" truecount="0" falsecount="1"/>
      <line num="58" count="31" type="stmt"/>
      <line num="59" count="31" type="stmt"/>
      <line num="60" count="31" type="cond" truecount="1" falsecount="1"/>
      <line num="61" count="31" type="stmt"/>
      <line num="66" count="1" type="stmt"/>
      <line num="67" count="0" type="stmt"/>
      <line num="68" count="0" type="stmt"/>
      <line num="69" count="0" type="stmt"/>
      <line num="77" count="1" type="stmt"/>
      <line num="78" count="1" type="stmt"/>
      <line num="80" count="1" type="stmt"/>
      <line num="83" count="1" type="stmt"/>
      <line num="99" count="1" type="stmt"/>
      <line num="116" count="1" type="stmt"/>
      <line num="134" count="1" type="stmt"/>
      <line num="151" count="1" type="stmt"/>
      <line num="175" count="1" type="stmt"/>
      <line num="194" count="1" type="stmt"/>
      <line num="195" count="1" type="stmt"/>
      <line num="196" count="1" type="stmt"/>
      <line num="197" count="1" type="stmt"/>
      <line num="198" count="1" type="stmt"/>
      <line num="199" count="1" type="stmt"/>
      <line num="200" count="1" type="stmt"/>
      <line num="201" count="1" type="stmt"/>
      <line num="202" count="1" type="stmt"/>
      <line num="203" count="1" type="stmt"/>
      <line num="204" count="1" type="stmt"/>
      <line num="207" count="1" type="stmt"/>
      <line num="208" count="1" type="cond" truecount="1" falsecount="1"/>
      <line num="209" count="0" type="stmt"/>
      <line num="210" count="1" type="cond" truecount="3" falsecount="1"/>
      <line num="211" count="1" type="stmt"/>
      <line num="213" count="0" type="stmt"/>
      <line num="221" count="1" type="stmt"/>
      <line num="222" count="1" type="cond" truecount="1" falsecount="1"/>
      <line num="223" count="0" type="stmt"/>
      <line num="225" count="1" type="stmt"/>
      <line num="232" count="1" type="stmt"/>
      <line num="238" count="1" type="stmt"/>
      <line num="244" count="1" type="stmt"/>
      <line num="249" count="1" type="stmt"/>
      <line num="254" count="1" type="stmt"/>
      <line num="259" count="1" type="stmt"/>
      <line num="260" count="1" type="stmt"/>
      <line num="261" count="4" type="stmt"/>
      <line num="262" count="1" type="stmt"/>
      <line num="264" count="1" type="stmt"/>
      <line num="265" count="3" type="stmt"/>
      <line num="266" count="1" type="stmt"/>
      <line num="268" count="1" type="stmt"/>
      <line num="269" count="3" type="stmt"/>
      <line num="270" count="1" type="stmt"/>
      <line num="272" count="1" type="stmt"/>
      <line num="273" count="2" type="stmt"/>
      <line num="274" count="1" type="stmt"/>
      <line num="276" count="1" type="stmt"/>
      <line num="277" count="2" type="stmt"/>
      <line num="278" count="1" type="stmt"/>
      <line num="280" count="1" type="stmt"/>
      <line num="281" count="2" type="stmt"/>
      <line num="282" count="1" type="stmt"/>
      <line num="284" count="1" type="stmt"/>
      <line num="285" count="1" type="cond" truecount="1" falsecount="1"/>
      <line num="286" count="0" type="stmt"/>
      <line num="288" count="1" type="cond" truecount="1" falsecount="1"/>
      <line num="289" count="0" type="stmt"/>
      <line num="291" count="1" type="stmt"/>
    </file>
    <file name="server.js" path="E:\Quan Li Phong Tro\HostelMate\server\server.js">
      <metrics statements="327" coveredstatements="274" conditionals="281" coveredconditionals="144" methods="54" coveredmethods="50"/>
      <line num="6" count="1" type="stmt"/>
      <line num="7" count="1" type="cond" truecount="2" falsecount="0"/>
      <line num="9" count="1" type="stmt"/>
      <line num="10" count="1" type="stmt"/>
      <line num="13" count="9" type="stmt"/>
      <line num="16" count="1" type="stmt"/>
      <line num="17" count="7" type="cond" truecount="1" falsecount="1"/>
      <line num="18" count="7" type="stmt"/>
      <line num="32" count="1" type="stmt"/>
      <line num="33" count="7" type="cond" truecount="1" falsecount="1"/>
      <line num="34" count="7" type="stmt"/>
      <line num="49" count="1" type="stmt"/>
      <line num="50" count="2" type="cond" truecount="1" falsecount="1"/>
      <line num="51" count="2" type="stmt"/>
      <line num="67" count="1" type="stmt"/>
      <line num="68" count="6" type="cond" truecount="1" falsecount="1"/>
      <line num="69" count="6" type="stmt"/>
      <line num="84" count="1" type="stmt"/>
      <line num="85" count="5" type="cond" truecount="1" falsecount="1"/>
      <line num="86" count="5" type="stmt"/>
      <line num="107" count="1" type="stmt"/>
      <line num="108" count="5" type="cond" truecount="1" falsecount="1"/>
      <line num="109" count="5" type="stmt"/>
      <line num="127" count="1" type="stmt"/>
      <line num="128" count="1" type="stmt"/>
      <line num="129" count="1" type="stmt"/>
      <line num="132" count="1" type="stmt"/>
      <line num="140" count="1" type="stmt"/>
      <line num="141" count="4" type="stmt"/>
      <line num="142" count="12" type="stmt"/>
      <line num="143" count="3" type="stmt"/>
      <line num="168" count="4" type="cond" truecount="2" falsecount="2"/>
      <line num="169" count="4" type="stmt"/>
      <line num="170" count="4" type="stmt"/>
      <line num="171" count="4" type="stmt"/>
      <line num="173" count="4" type="stmt"/>
      <line num="182" count="1" type="stmt"/>
      <line num="184" count="0" type="stmt"/>
      <line num="185" count="0" type="stmt"/>
      <line num="189" count="1" type="stmt"/>
      <line num="190" count="2" type="stmt"/>
      <line num="191" count="2" type="stmt"/>
      <line num="192" count="2" type="cond" truecount="2" falsecount="0"/>
      <line num="193" count="1" type="stmt"/>
      <line num="196" count="1" type="stmt"/>
      <line num="203" count="1" type="stmt"/>
      <line num="227" count="1" type="cond" truecount="0" falsecount="4"/>
      <line num="228" count="1" type="cond" truecount="1" falsecount="1"/>
      <line num="230" count="1" type="stmt"/>
      <line num="237" count="0" type="stmt"/>
      <line num="241" count="1" type="stmt"/>
      <line num="242" count="1" type="stmt"/>
      <line num="243" count="1" type="stmt"/>
      <line num="244" count="1" type="cond" truecount="1" falsecount="5"/>
      <line num="246" count="1" type="stmt"/>
      <line num="251" count="1" type="stmt"/>
      <line num="252" count="1" type="stmt"/>
      <line num="254" count="0" type="stmt"/>
      <line num="258" count="1" type="stmt"/>
      <line num="259" count="2" type="stmt"/>
      <line num="260" count="2" type="stmt"/>
      <line num="262" count="2" type="stmt"/>
      <line num="263" count="2" type="cond" truecount="2" falsecount="0"/>
      <line num="264" count="1" type="stmt"/>
      <line num="267" count="1" type="stmt"/>
      <line num="277" count="1" type="stmt"/>
      <line num="283" count="1" type="stmt"/>
      <line num="284" count="1" type="stmt"/>
      <line num="286" count="0" type="stmt"/>
      <line num="290" count="1" type="stmt"/>
      <line num="291" count="2" type="stmt"/>
      <line num="292" count="2" type="stmt"/>
      <line num="293" count="2" type="cond" truecount="2" falsecount="0"/>
      <line num="294" count="1" type="stmt"/>
      <line num="296" count="1" type="stmt"/>
      <line num="297" count="1" type="stmt"/>
      <line num="299" count="0" type="stmt"/>
      <line num="305" count="1" type="stmt"/>
      <line num="306" count="1" type="stmt"/>
      <line num="307" count="1" type="stmt"/>
      <line num="308" count="1" type="stmt"/>
      <line num="310" count="0" type="stmt"/>
      <line num="314" count="1" type="stmt"/>
      <line num="315" count="2" type="stmt"/>
      <line num="316" count="2" type="stmt"/>
      <line num="317" count="2" type="cond" truecount="2" falsecount="0"/>
      <line num="318" count="1" type="stmt"/>
      <line num="320" count="1" type="stmt"/>
      <line num="322" count="0" type="stmt"/>
      <line num="326" count="1" type="stmt"/>
      <line num="327" count="2" type="stmt"/>
      <line num="328" count="2" type="stmt"/>
      <line num="329" count="2" type="cond" truecount="4" falsecount="3"/>
      <line num="331" count="2" type="stmt"/>
      <line num="336" count="2" type="stmt"/>
      <line num="337" count="2" type="stmt"/>
      <line num="339" count="0" type="stmt"/>
      <line num="343" count="1" type="stmt"/>
      <line num="344" count="2" type="stmt"/>
      <line num="345" count="2" type="stmt"/>
      <line num="346" count="2" type="stmt"/>
      <line num="347" count="2" type="cond" truecount="2" falsecount="0"/>
      <line num="349" count="1" type="stmt"/>
      <line num="360" count="1" type="stmt"/>
      <line num="366" count="1" type="stmt"/>
      <line num="367" count="1" type="stmt"/>
      <line num="369" count="0" type="stmt"/>
      <line num="373" count="1" type="stmt"/>
      <line num="374" count="1" type="stmt"/>
      <line num="375" count="1" type="stmt"/>
      <line num="376" count="1" type="stmt"/>
      <line num="378" count="0" type="stmt"/>
      <line num="384" count="1" type="stmt"/>
      <line num="385" count="1" type="stmt"/>
      <line num="386" count="1" type="stmt"/>
      <line num="389" count="1" type="stmt"/>
      <line num="390" count="1" type="cond" truecount="1" falsecount="1"/>
      <line num="391" count="1" type="cond" truecount="1" falsecount="1"/>
      <line num="392" count="0" type="stmt"/>
      <line num="396" count="1" type="stmt"/>
      <line num="397" count="1" type="cond" truecount="1" falsecount="1"/>
      <line num="398" count="1" type="cond" truecount="1" falsecount="1"/>
      <line num="399" count="0" type="stmt"/>
      <line num="403" count="1" type="stmt"/>
      <line num="404" count="1" type="cond" truecount="1" falsecount="1"/>
      <line num="405" count="0" type="stmt"/>
      <line num="409" count="1" type="cond" truecount="1" falsecount="1"/>
      <line num="410" count="1" type="stmt"/>
      <line num="413" count="1" type="stmt"/>
      <line num="414" count="1" type="stmt"/>
      <line num="420" count="1" type="stmt"/>
      <line num="422" count="1" type="stmt"/>
      <line num="423" count="1" type="stmt"/>
      <line num="425" count="0" type="stmt"/>
      <line num="429" count="1" type="stmt"/>
      <line num="430" count="1" type="stmt"/>
      <line num="431" count="1" type="stmt"/>
      <line num="432" count="1" type="cond" truecount="1" falsecount="1"/>
      <line num="435" count="1" type="stmt"/>
      <line num="437" count="1" type="stmt"/>
      <line num="439" count="1" type="stmt"/>
      <line num="441" count="0" type="stmt"/>
      <line num="445" count="1" type="stmt"/>
      <line num="446" count="1" type="stmt"/>
      <line num="447" count="1" type="stmt"/>
      <line num="448" count="1" type="cond" truecount="1" falsecount="1"/>
      <line num="450" count="1" type="stmt"/>
      <line num="451" count="1" type="stmt"/>
      <line num="454" count="1" type="stmt"/>
      <line num="455" count="1" type="cond" truecount="1" falsecount="1"/>
      <line num="456" count="1" type="stmt"/>
      <line num="459" count="1" type="stmt"/>
      <line num="461" count="0" type="stmt"/>
      <line num="465" count="1" type="stmt"/>
      <line num="466" count="1" type="stmt"/>
      <line num="467" count="1" type="stmt"/>
      <line num="468" count="1" type="stmt"/>
      <line num="469" count="1" type="stmt"/>
      <line num="470" count="1" type="stmt"/>
      <line num="472" count="0" type="stmt"/>
      <line num="476" count="1" type="stmt"/>
      <line num="477" count="1" type="stmt"/>
      <line num="478" count="1" type="cond" truecount="1" falsecount="1"/>
      <line num="479" count="1" type="stmt"/>
      <line num="480" count="1" type="stmt"/>
      <line num="481" count="1" type="stmt"/>
      <line num="483" count="1" type="stmt"/>
      <line num="484" count="1" type="stmt"/>
      <line num="486" count="1" type="stmt"/>
      <line num="500" count="1" type="stmt"/>
      <line num="525" count="1" type="stmt"/>
      <line num="527" count="0" type="stmt"/>
      <line num="533" count="1" type="stmt"/>
      <line num="534" count="1" type="stmt"/>
      <line num="535" count="1" type="stmt"/>
      <line num="542" count="2" type="stmt"/>
      <line num="556" count="1" type="stmt"/>
      <line num="558" count="0" type="stmt"/>
      <line num="562" count="1" type="stmt"/>
      <line num="563" count="1" type="stmt"/>
      <line num="564" count="1" type="stmt"/>
      <line num="565" count="1" type="stmt"/>
      <line num="567" count="0" type="stmt"/>
      <line num="571" count="1" type="stmt"/>
      <line num="572" count="1" type="stmt"/>
      <line num="573" count="1" type="stmt"/>
      <line num="574" count="1" type="stmt"/>
      <line num="576" count="0" type="stmt"/>
      <line num="580" count="1" type="stmt"/>
      <line num="581" count="2" type="stmt"/>
      <line num="582" count="2" type="stmt"/>
      <line num="583" count="2" type="cond" truecount="0" falsecount="2"/>
      <line num="585" count="2" type="cond" truecount="15" falsecount="1"/>
      <line num="590" count="0" type="stmt"/>
      <line num="593" count="2" type="cond" truecount="2" falsecount="0"/>
      <line num="594" count="1" type="stmt"/>
      <line num="596" count="1" type="cond" truecount="1" falsecount="1"/>
      <line num="597" count="0" type="stmt"/>
      <line num="600" count="1" type="stmt"/>
      <line num="605" count="1" type="stmt"/>
      <line num="606" count="1" type="stmt"/>
      <line num="608" count="0" type="stmt"/>
      <line num="612" count="1" type="stmt"/>
      <line num="613" count="1" type="stmt"/>
      <line num="614" count="1" type="stmt"/>
      <line num="615" count="1" type="stmt"/>
      <line num="616" count="1" type="cond" truecount="1" falsecount="1"/>
      <line num="618" count="1" type="stmt"/>
      <line num="629" count="1" type="cond" truecount="15" falsecount="1"/>
      <line num="634" count="0" type="stmt"/>
      <line num="637" count="1" type="cond" truecount="1" falsecount="1"/>
      <line num="638" count="0" type="stmt"/>
      <line num="640" count="1" type="cond" truecount="1" falsecount="1"/>
      <line num="641" count="0" type="stmt"/>
      <line num="644" count="1" type="stmt"/>
      <line num="650" count="1" type="stmt"/>
      <line num="651" count="1" type="stmt"/>
      <line num="653" count="0" type="stmt"/>
      <line num="657" count="1" type="stmt"/>
      <line num="658" count="1" type="stmt"/>
      <line num="659" count="1" type="stmt"/>
      <line num="660" count="1" type="stmt"/>
      <line num="662" count="0" type="stmt"/>
      <line num="668" count="1" type="stmt"/>
      <line num="669" count="1" type="stmt"/>
      <line num="670" count="1" type="stmt"/>
      <line num="682" count="2" type="stmt"/>
      <line num="718" count="1" type="stmt"/>
      <line num="720" count="0" type="stmt"/>
      <line num="724" count="1" type="stmt"/>
      <line num="725" count="1" type="stmt"/>
      <line num="726" count="1" type="stmt"/>
      <line num="734" count="1" type="stmt"/>
      <line num="736" count="1" type="stmt"/>
      <line num="737" count="2" type="cond" truecount="3" falsecount="1"/>
      <line num="738" count="2" type="cond" truecount="8" falsecount="8"/>
      <line num="741" count="1" type="stmt"/>
      <line num="742" count="1" type="stmt"/>
      <line num="743" count="1" type="stmt"/>
      <line num="745" count="0" type="stmt"/>
      <line num="749" count="1" type="stmt"/>
      <line num="750" count="1" type="stmt"/>
      <line num="751" count="1" type="stmt"/>
      <line num="763" count="1" type="cond" truecount="1" falsecount="1"/>
      <line num="765" count="1" type="stmt"/>
      <line num="801" count="0" type="stmt"/>
      <line num="805" count="1" type="stmt"/>
      <line num="806" count="1" type="stmt"/>
      <line num="807" count="1" type="stmt"/>
      <line num="822" count="1" type="stmt"/>
      <line num="824" count="1" type="stmt"/>
      <line num="829" count="1" type="stmt"/>
      <line num="830" count="1" type="stmt"/>
      <line num="832" count="0" type="stmt"/>
      <line num="836" count="1" type="stmt"/>
      <line num="837" count="0" type="stmt"/>
      <line num="838" count="0" type="stmt"/>
      <line num="839" count="0" type="stmt"/>
      <line num="840" count="0" type="cond" truecount="0" falsecount="2"/>
      <line num="842" count="0" type="stmt"/>
      <line num="859" count="0" type="stmt"/>
      <line num="865" count="0" type="stmt"/>
      <line num="866" count="0" type="stmt"/>
      <line num="868" count="0" type="stmt"/>
      <line num="872" count="1" type="stmt"/>
      <line num="873" count="1" type="stmt"/>
      <line num="874" count="1" type="stmt"/>
      <line num="875" count="1" type="stmt"/>
      <line num="877" count="0" type="stmt"/>
      <line num="881" count="1" type="stmt"/>
      <line num="882" count="1" type="stmt"/>
      <line num="883" count="1" type="stmt"/>
      <line num="884" count="1" type="stmt"/>
      <line num="891" count="1" type="stmt"/>
      <line num="893" count="0" type="stmt"/>
      <line num="897" count="1" type="stmt"/>
      <line num="898" count="1" type="stmt"/>
      <line num="899" count="1" type="stmt"/>
      <line num="900" count="1" type="stmt"/>
      <line num="906" count="1" type="stmt"/>
      <line num="907" count="1" type="stmt"/>
      <line num="909" count="0" type="stmt"/>
      <line num="915" count="1" type="stmt"/>
      <line num="916" count="1" type="stmt"/>
      <line num="917" count="1" type="stmt"/>
      <line num="927" count="2" type="stmt"/>
      <line num="952" count="1" type="stmt"/>
      <line num="954" count="0" type="stmt"/>
      <line num="958" count="1" type="stmt"/>
      <line num="959" count="1" type="stmt"/>
      <line num="960" count="1" type="stmt"/>
      <line num="970" count="1" type="cond" truecount="1" falsecount="1"/>
      <line num="972" count="1" type="stmt"/>
      <line num="997" count="0" type="stmt"/>
      <line num="1001" count="1" type="stmt"/>
      <line num="1002" count="2" type="stmt"/>
      <line num="1003" count="2" type="stmt"/>
      <line num="1004" count="2" type="cond" truecount="1" falsecount="4"/>
      <line num="1006" count="2" type="cond" truecount="1" falsecount="1"/>
      <line num="1007" count="2" type="stmt"/>
      <line num="1008" count="2" type="cond" truecount="2" falsecount="0"/>
      <line num="1009" count="1" type="stmt"/>
      <line num="1013" count="1" type="stmt"/>
      <line num="1018" count="1" type="stmt"/>
      <line num="1019" count="1" type="stmt"/>
      <line num="1021" count="0" type="stmt"/>
      <line num="1025" count="1" type="stmt"/>
      <line num="1026" count="1" type="stmt"/>
      <line num="1027" count="1" type="stmt"/>
      <line num="1028" count="1" type="stmt"/>
      <line num="1029" count="1" type="cond" truecount="1" falsecount="1"/>
      <line num="1031" count="1" type="stmt"/>
      <line num="1032" count="1" type="cond" truecount="4" falsecount="1"/>
      <line num="1033" count="1" type="stmt"/>
      <line num="1036" count="1" type="stmt"/>
      <line num="1048" count="1" type="stmt"/>
      <line num="1054" count="1" type="stmt"/>
      <line num="1055" count="1" type="stmt"/>
      <line num="1057" count="0" type="stmt"/>
      <line num="1061" count="1" type="stmt"/>
      <line num="1062" count="1" type="stmt"/>
      <line num="1063" count="1" type="stmt"/>
      <line num="1064" count="1" type="stmt"/>
      <line num="1066" count="0" type="stmt"/>
      <line num="1072" count="1" type="cond" truecount="1" falsecount="1"/>
      <line num="1073" count="0" type="stmt"/>
      <line num="1074" count="0" type="stmt"/>
    </file>
  </project>
</coverage>
