{"E:\\Quan Li Phong Tro\\HostelMate\\server\\db.js": {"path":"E:\\Quan Li Phong Tro\\HostelMate\\server\\db.js","statementMap":{"0":{"start":{"line":5,"column":19},"end":{"line":5,"column":49}},"1":{"start":{"line":6,"column":18},"end":{"line":6,"column":37}},"2":{"start":{"line":7,"column":15},"end":{"line":7,"column":46}},"3":{"start":{"line":8,"column":15},"end":{"line":8,"column":78}},"4":{"start":{"line":12,"column":0},"end":{"line":15,"column":3}},"5":{"start":{"line":13,"column":2},"end":{"line":13,"column":27}},"6":{"start":{"line":14,"column":2},"end":{"line":14,"column":25}},"7":{"start":{"line":17,"column":11},"end":{"line":27,"column":2}},"8":{"start":{"line":18,"column":2},"end":{"line":26,"column":3}},"9":{"start":{"line":19,"column":4},"end":{"line":19,"column":58}},"10":{"start":{"line":20,"column":4},"end":{"line":20,"column":23}},"11":{"start":{"line":22,"column":4},"end":{"line":24,"column":5}},"12":{"start":{"line":23,"column":6},"end":{"line":23,"column":62}},"13":{"start":{"line":25,"column":4},"end":{"line":25,"column":61}},"14":{"start":{"line":29,"column":29},"end":{"line":36,"column":1}},"15":{"start":{"line":30,"column":2},"end":{"line":35,"column":5}},"16":{"start":{"line":31,"column":4},"end":{"line":34,"column":7}},"17":{"start":{"line":32,"column":6},"end":{"line":33,"column":21}},"18":{"start":{"line":32,"column":15},"end":{"line":32,"column":27}},"19":{"start":{"line":33,"column":11},"end":{"line":33,"column":21}},"20":{"start":{"line":39,"column":21},"end":{"line":46,"column":1}},"21":{"start":{"line":40,"column":2},"end":{"line":45,"column":5}},"22":{"start":{"line":41,"column":4},"end":{"line":44,"column":7}},"23":{"start":{"line":42,"column":6},"end":{"line":43,"column":25}},"24":{"start":{"line":42,"column":15},"end":{"line":42,"column":27}},"25":{"start":{"line":43,"column":11},"end":{"line":43,"column":25}},"26":{"start":{"line":48,"column":24},"end":{"line":55,"column":1}},"27":{"start":{"line":49,"column":2},"end":{"line":54,"column":5}},"28":{"start":{"line":50,"column":4},"end":{"line":53,"column":7}},"29":{"start":{"line":51,"column":6},"end":{"line":52,"column":32}},"30":{"start":{"line":51,"column":15},"end":{"line":51,"column":27}},"31":{"start":{"line":52,"column":11},"end":{"line":52,"column":32}},"32":{"start":{"line":57,"column":19},"end":{"line":64,"column":1}},"33":{"start":{"line":58,"column":2},"end":{"line":63,"column":5}},"34":{"start":{"line":59,"column":4},"end":{"line":62,"column":7}},"35":{"start":{"line":60,"column":6},"end":{"line":61,"column":63}},"36":{"start":{"line":60,"column":15},"end":{"line":60,"column":27}},"37":{"start":{"line":61,"column":11},"end":{"line":61,"column":63}},"38":{"start":{"line":66,"column":25},"end":{"line":74,"column":1}},"39":{"start":{"line":67,"column":2},"end":{"line":73,"column":5}},"40":{"start":{"line":68,"column":4},"end":{"line":72,"column":7}},"41":{"start":{"line":69,"column":6},"end":{"line":71,"column":23}},"42":{"start":{"line":77,"column":2},"end":{"line":217,"column":5}},"43":{"start":{"line":78,"column":4},"end":{"line":216,"column":7}},"44":{"start":{"line":80,"column":6},"end":{"line":80,"column":42}},"45":{"start":{"line":83,"column":4},"end":{"line":96,"column":7}},"46":{"start":{"line":99,"column":4},"end":{"line":113,"column":7}},"47":{"start":{"line":116,"column":4},"end":{"line":131,"column":7}},"48":{"start":{"line":134,"column":4},"end":{"line":148,"column":7}},"49":{"start":{"line":151,"column":4},"end":{"line":172,"column":7}},"50":{"start":{"line":175,"column":4},"end":{"line":191,"column":7}},"51":{"start":{"line":194,"column":4},"end":{"line":194,"column":80}},"52":{"start":{"line":195,"column":4},"end":{"line":195,"column":95}},"53":{"start":{"line":196,"column":4},"end":{"line":196,"column":102}},"54":{"start":{"line":197,"column":4},"end":{"line":197,"column":96}},"55":{"start":{"line":198,"column":4},"end":{"line":198,"column":81}},"56":{"start":{"line":199,"column":4},"end":{"line":199,"column":85}},"57":{"start":{"line":200,"column":4},"end":{"line":200,"column":97}},"58":{"start":{"line":201,"column":4},"end":{"line":201,"column":101}},"59":{"start":{"line":202,"column":4},"end":{"line":202,"column":91}},"60":{"start":{"line":203,"column":4},"end":{"line":203,"column":105}},"61":{"start":{"line":204,"column":4},"end":{"line":204,"column":116}},"62":{"start":{"line":207,"column":6},"end":{"line":215,"column":9}},"63":{"start":{"line":208,"column":8},"end":{"line":214,"column":9}},"64":{"start":{"line":209,"column":10},"end":{"line":209,"column":22}},"65":{"start":{"line":210,"column":15},"end":{"line":214,"column":9}},"66":{"start":{"line":211,"column":10},"end":{"line":211,"column":55}},"67":{"start":{"line":213,"column":10},"end":{"line":213,"column":20}},"68":{"start":{"line":221,"column":2},"end":{"line":295,"column":3}},"69":{"start":{"line":222,"column":4},"end":{"line":224,"column":5}},"70":{"start":{"line":223,"column":6},"end":{"line":223,"column":85}},"71":{"start":{"line":225,"column":16},"end":{"line":230,"column":3}},"72":{"start":{"line":232,"column":18},"end":{"line":236,"column":3}},"73":{"start":{"line":238,"column":22},"end":{"line":242,"column":3}},"74":{"start":{"line":244,"column":19},"end":{"line":247,"column":3}},"75":{"start":{"line":249,"column":19},"end":{"line":252,"column":3}},"76":{"start":{"line":254,"column":18},"end":{"line":257,"column":3}},"77":{"start":{"line":259,"column":2},"end":{"line":294,"column":5}},"78":{"start":{"line":260,"column":21},"end":{"line":260,"column":153}},"79":{"start":{"line":261,"column":4},"end":{"line":261,"column":122}},"80":{"start":{"line":261,"column":23},"end":{"line":261,"column":120}},"81":{"start":{"line":262,"column":4},"end":{"line":262,"column":24}},"82":{"start":{"line":264,"column":23},"end":{"line":264,"column":185}},"83":{"start":{"line":265,"column":4},"end":{"line":265,"column":149}},"84":{"start":{"line":265,"column":25},"end":{"line":265,"column":147}},"85":{"start":{"line":266,"column":4},"end":{"line":266,"column":26}},"86":{"start":{"line":268,"column":27},"end":{"line":268,"column":214}},"87":{"start":{"line":269,"column":4},"end":{"line":269,"column":180}},"88":{"start":{"line":269,"column":29},"end":{"line":269,"column":178}},"89":{"start":{"line":270,"column":4},"end":{"line":270,"column":30}},"90":{"start":{"line":272,"column":24},"end":{"line":272,"column":207}},"91":{"start":{"line":273,"column":4},"end":{"line":273,"column":176}},"92":{"start":{"line":273,"column":27},"end":{"line":273,"column":174}},"93":{"start":{"line":274,"column":4},"end":{"line":274,"column":27}},"94":{"start":{"line":276,"column":24},"end":{"line":276,"column":302}},"95":{"start":{"line":277,"column":4},"end":{"line":277,"column":264}},"96":{"start":{"line":277,"column":26},"end":{"line":277,"column":262}},"97":{"start":{"line":278,"column":4},"end":{"line":278,"column":27}},"98":{"start":{"line":280,"column":23},"end":{"line":280,"column":240}},"99":{"start":{"line":281,"column":4},"end":{"line":281,"column":220}},"100":{"start":{"line":281,"column":27},"end":{"line":281,"column":218}},"101":{"start":{"line":282,"column":4},"end":{"line":282,"column":26}},"102":{"start":{"line":284,"column":4},"end":{"line":293,"column":7}},"103":{"start":{"line":285,"column":6},"end":{"line":292,"column":7}},"104":{"start":{"line":286,"column":8},"end":{"line":286,"column":20}},"105":{"start":{"line":288,"column":8},"end":{"line":290,"column":9}},"106":{"start":{"line":289,"column":10},"end":{"line":289,"column":85}},"107":{"start":{"line":291,"column":8},"end":{"line":291,"column":18}}},"fnMap":{"0":{"name":"(anonymous_0)","decl":{"start":{"line":12,"column":22},"end":{"line":12,"column":23}},"loc":{"start":{"line":12,"column":43},"end":{"line":15,"column":1}},"line":12},"1":{"name":"(anonymous_1)","decl":{"start":{"line":17,"column":40},"end":{"line":17,"column":41}},"loc":{"start":{"line":17,"column":49},"end":{"line":27,"column":1}},"line":17},"2":{"name":"(anonymous_2)","decl":{"start":{"line":29,"column":29},"end":{"line":29,"column":30}},"loc":{"start":{"line":29,"column":35},"end":{"line":36,"column":1}},"line":29},"3":{"name":"(anonymous_3)","decl":{"start":{"line":30,"column":21},"end":{"line":30,"column":22}},"loc":{"start":{"line":30,"column":42},"end":{"line":35,"column":3}},"line":30},"4":{"name":"(anonymous_4)","decl":{"start":{"line":31,"column":13},"end":{"line":31,"column":14}},"loc":{"start":{"line":31,"column":22},"end":{"line":34,"column":5}},"line":31},"5":{"name":"(anonymous_5)","decl":{"start":{"line":39,"column":21},"end":{"line":39,"column":22}},"loc":{"start":{"line":39,"column":43},"end":{"line":46,"column":1}},"line":39},"6":{"name":"(anonymous_6)","decl":{"start":{"line":40,"column":21},"end":{"line":40,"column":22}},"loc":{"start":{"line":40,"column":42},"end":{"line":45,"column":3}},"line":40},"7":{"name":"(anonymous_7)","decl":{"start":{"line":41,"column":24},"end":{"line":41,"column":25}},"loc":{"start":{"line":41,"column":39},"end":{"line":44,"column":5}},"line":41},"8":{"name":"(anonymous_8)","decl":{"start":{"line":48,"column":24},"end":{"line":48,"column":25}},"loc":{"start":{"line":48,"column":46},"end":{"line":55,"column":1}},"line":48},"9":{"name":"(anonymous_9)","decl":{"start":{"line":49,"column":21},"end":{"line":49,"column":22}},"loc":{"start":{"line":49,"column":42},"end":{"line":54,"column":3}},"line":49},"10":{"name":"(anonymous_10)","decl":{"start":{"line":50,"column":24},"end":{"line":50,"column":25}},"loc":{"start":{"line":50,"column":38},"end":{"line":53,"column":5}},"line":50},"11":{"name":"(anonymous_11)","decl":{"start":{"line":57,"column":19},"end":{"line":57,"column":20}},"loc":{"start":{"line":57,"column":41},"end":{"line":64,"column":1}},"line":57},"12":{"name":"(anonymous_12)","decl":{"start":{"line":58,"column":21},"end":{"line":58,"column":22}},"loc":{"start":{"line":58,"column":42},"end":{"line":63,"column":3}},"line":58},"13":{"name":"(anonymous_13)","decl":{"start":{"line":59,"column":24},"end":{"line":59,"column":25}},"loc":{"start":{"line":59,"column":39},"end":{"line":62,"column":5}},"line":59},"14":{"name":"(anonymous_14)","decl":{"start":{"line":66,"column":25},"end":{"line":66,"column":26}},"loc":{"start":{"line":66,"column":33},"end":{"line":74,"column":1}},"line":66},"15":{"name":"(anonymous_15)","decl":{"start":{"line":67,"column":21},"end":{"line":67,"column":22}},"loc":{"start":{"line":67,"column":42},"end":{"line":73,"column":3}},"line":67},"16":{"name":"(anonymous_16)","decl":{"start":{"line":68,"column":17},"end":{"line":68,"column":18}},"loc":{"start":{"line":68,"column":23},"end":{"line":72,"column":5}},"line":68},"17":{"name":"initDatabase","decl":{"start":{"line":76,"column":9},"end":{"line":76,"column":21}},"loc":{"start":{"line":76,"column":24},"end":{"line":218,"column":1}},"line":76},"18":{"name":"(anonymous_18)","decl":{"start":{"line":77,"column":21},"end":{"line":77,"column":22}},"loc":{"start":{"line":77,"column":42},"end":{"line":217,"column":3}},"line":77},"19":{"name":"(anonymous_19)","decl":{"start":{"line":78,"column":17},"end":{"line":78,"column":18}},"loc":{"start":{"line":78,"column":23},"end":{"line":216,"column":5}},"line":78},"20":{"name":"(anonymous_20)","decl":{"start":{"line":207,"column":52},"end":{"line":207,"column":53}},"loc":{"start":{"line":207,"column":66},"end":{"line":215,"column":7}},"line":207},"21":{"name":"seedSampleData","decl":{"start":{"line":220,"column":9},"end":{"line":220,"column":23}},"loc":{"start":{"line":220,"column":26},"end":{"line":296,"column":1}},"line":220},"22":{"name":"(anonymous_22)","decl":{"start":{"line":221,"column":21},"end":{"line":221,"column":22}},"loc":{"start":{"line":221,"column":42},"end":{"line":295,"column":1}},"line":221},"23":{"name":"(anonymous_23)","decl":{"start":{"line":259,"column":15},"end":{"line":259,"column":16}},"loc":{"start":{"line":259,"column":21},"end":{"line":294,"column":3}},"line":259},"24":{"name":"(anonymous_24)","decl":{"start":{"line":261,"column":18},"end":{"line":261,"column":19}},"loc":{"start":{"line":261,"column":23},"end":{"line":261,"column":120}},"line":261},"25":{"name":"(anonymous_25)","decl":{"start":{"line":265,"column":20},"end":{"line":265,"column":21}},"loc":{"start":{"line":265,"column":25},"end":{"line":265,"column":147}},"line":265},"26":{"name":"(anonymous_26)","decl":{"start":{"line":269,"column":24},"end":{"line":269,"column":25}},"loc":{"start":{"line":269,"column":29},"end":{"line":269,"column":178}},"line":269},"27":{"name":"(anonymous_27)","decl":{"start":{"line":273,"column":21},"end":{"line":273,"column":22}},"loc":{"start":{"line":273,"column":27},"end":{"line":273,"column":174}},"line":273},"28":{"name":"(anonymous_28)","decl":{"start":{"line":277,"column":21},"end":{"line":277,"column":22}},"loc":{"start":{"line":277,"column":26},"end":{"line":277,"column":262}},"line":277},"29":{"name":"(anonymous_29)","decl":{"start":{"line":281,"column":20},"end":{"line":281,"column":21}},"loc":{"start":{"line":281,"column":27},"end":{"line":281,"column":218}},"line":281},"30":{"name":"(anonymous_30)","decl":{"start":{"line":284,"column":23},"end":{"line":284,"column":24}},"loc":{"start":{"line":284,"column":32},"end":{"line":293,"column":5}},"line":284}},"branchMap":{"0":{"loc":{"start":{"line":8,"column":15},"end":{"line":8,"column":78}},"type":"cond-expr","locations":[{"start":{"line":8,"column":24},"end":{"line":8,"column":34}},{"start":{"line":8,"column":37},"end":{"line":8,"column":78}}],"line":8},"1":{"loc":{"start":{"line":18,"column":2},"end":{"line":26,"column":3}},"type":"if","locations":[{"start":{"line":18,"column":2},"end":{"line":26,"column":3}},{"start":{"line":21,"column":9},"end":{"line":26,"column":3}}],"line":18},"2":{"loc":{"start":{"line":22,"column":4},"end":{"line":24,"column":5}},"type":"if","locations":[{"start":{"line":22,"column":4},"end":{"line":24,"column":5}},{"start":{},"end":{}}],"line":22},"3":{"loc":{"start":{"line":32,"column":6},"end":{"line":33,"column":21}},"type":"if","locations":[{"start":{"line":32,"column":6},"end":{"line":33,"column":21}},{"start":{"line":33,"column":11},"end":{"line":33,"column":21}}],"line":32},"4":{"loc":{"start":{"line":39,"column":27},"end":{"line":39,"column":38}},"type":"default-arg","locations":[{"start":{"line":39,"column":36},"end":{"line":39,"column":38}}],"line":39},"5":{"loc":{"start":{"line":42,"column":6},"end":{"line":43,"column":25}},"type":"if","locations":[{"start":{"line":42,"column":6},"end":{"line":43,"column":25}},{"start":{"line":43,"column":11},"end":{"line":43,"column":25}}],"line":42},"6":{"loc":{"start":{"line":48,"column":30},"end":{"line":48,"column":41}},"type":"default-arg","locations":[{"start":{"line":48,"column":39},"end":{"line":48,"column":41}}],"line":48},"7":{"loc":{"start":{"line":51,"column":6},"end":{"line":52,"column":32}},"type":"if","locations":[{"start":{"line":51,"column":6},"end":{"line":52,"column":32}},{"start":{"line":52,"column":11},"end":{"line":52,"column":32}}],"line":51},"8":{"loc":{"start":{"line":52,"column":19},"end":{"line":52,"column":30}},"type":"binary-expr","locations":[{"start":{"line":52,"column":19},"end":{"line":52,"column":22}},{"start":{"line":52,"column":26},"end":{"line":52,"column":30}}],"line":52},"9":{"loc":{"start":{"line":57,"column":25},"end":{"line":57,"column":36}},"type":"default-arg","locations":[{"start":{"line":57,"column":34},"end":{"line":57,"column":36}}],"line":57},"10":{"loc":{"start":{"line":60,"column":6},"end":{"line":61,"column":63}},"type":"if","locations":[{"start":{"line":60,"column":6},"end":{"line":61,"column":63}},{"start":{"line":61,"column":11},"end":{"line":61,"column":63}}],"line":60},"11":{"loc":{"start":{"line":208,"column":8},"end":{"line":214,"column":9}},"type":"if","locations":[{"start":{"line":208,"column":8},"end":{"line":214,"column":9}},{"start":{"line":210,"column":15},"end":{"line":214,"column":9}}],"line":208},"12":{"loc":{"start":{"line":210,"column":15},"end":{"line":214,"column":9}},"type":"if","locations":[{"start":{"line":210,"column":15},"end":{"line":214,"column":9}},{"start":{"line":212,"column":15},"end":{"line":214,"column":9}}],"line":210},"13":{"loc":{"start":{"line":210,"column":19},"end":{"line":210,"column":41}},"type":"binary-expr","locations":[{"start":{"line":210,"column":19},"end":{"line":210,"column":22}},{"start":{"line":210,"column":26},"end":{"line":210,"column":41}}],"line":210},"14":{"loc":{"start":{"line":222,"column":4},"end":{"line":224,"column":5}},"type":"if","locations":[{"start":{"line":222,"column":4},"end":{"line":224,"column":5}},{"start":{},"end":{}}],"line":222},"15":{"loc":{"start":{"line":285,"column":6},"end":{"line":292,"column":7}},"type":"if","locations":[{"start":{"line":285,"column":6},"end":{"line":292,"column":7}},{"start":{"line":287,"column":13},"end":{"line":292,"column":7}}],"line":285},"16":{"loc":{"start":{"line":288,"column":8},"end":{"line":290,"column":9}},"type":"if","locations":[{"start":{"line":288,"column":8},"end":{"line":290,"column":9}},{"start":{},"end":{}}],"line":288}},"s":{"0":1,"1":1,"2":1,"3":1,"4":1,"5":1,"6":1,"7":1,"8":1,"9":0,"10":0,"11":1,"12":0,"13":1,"14":1,"15":1,"16":1,"17":1,"18":0,"19":1,"20":1,"21":13,"22":13,"23":13,"24":0,"25":13,"26":1,"27":32,"28":32,"29":32,"30":0,"31":32,"32":1,"33":31,"34":31,"35":31,"36":0,"37":31,"38":1,"39":0,"40":0,"41":0,"42":1,"43":1,"44":1,"45":1,"46":1,"47":1,"48":1,"49":1,"50":1,"51":1,"52":1,"53":1,"54":1,"55":1,"56":1,"57":1,"58":1,"59":1,"60":1,"61":1,"62":1,"63":1,"64":0,"65":1,"66":1,"67":0,"68":1,"69":1,"70":0,"71":1,"72":1,"73":1,"74":1,"75":1,"76":1,"77":1,"78":1,"79":1,"80":4,"81":1,"82":1,"83":1,"84":3,"85":1,"86":1,"87":1,"88":3,"89":1,"90":1,"91":1,"92":2,"93":1,"94":1,"95":1,"96":2,"97":1,"98":1,"99":1,"100":2,"101":1,"102":1,"103":1,"104":0,"105":1,"106":0,"107":1},"f":{"0":1,"1":1,"2":1,"3":1,"4":1,"5":13,"6":13,"7":13,"8":32,"9":32,"10":32,"11":31,"12":31,"13":31,"14":0,"15":0,"16":0,"17":1,"18":1,"19":1,"20":1,"21":1,"22":1,"23":1,"24":4,"25":3,"26":3,"27":2,"28":2,"29":2,"30":1},"b":{"0":[1,0],"1":[0,1],"2":[0,1],"3":[0,1],"4":[7],"5":[0,13],"6":[0],"7":[0,32],"8":[32,6],"9":[0],"10":[0,31],"11":[0,1],"12":[1,0],"13":[1,1],"14":[0,1],"15":[0,1],"16":[0,1]},"inputSourceMap":null,"_coverageSchema":"1a1c01bbd47fc00a2c39e90264f33305004495a9","hash":"896f13c00fa62b7cbf1d47fc174012eff6323341"}
,"E:\\Quan Li Phong Tro\\HostelMate\\server\\server.js": {"path":"E:\\Quan Li Phong Tro\\HostelMate\\server\\server.js","statementMap":{"0":{"start":{"line":6,"column":12},"end":{"line":6,"column":21}},"1":{"start":{"line":7,"column":13},"end":{"line":7,"column":37}},"2":{"start":{"line":9,"column":0},"end":{"line":9,"column":16}},"3":{"start":{"line":10,"column":0},"end":{"line":10,"column":24}},"4":{"start":{"line":13,"column":19},"end":{"line":13,"column":44}},"5":{"start":{"line":13,"column":25},"end":{"line":13,"column":44}},"6":{"start":{"line":16,"column":16},"end":{"line":30,"column":1}},"7":{"start":{"line":17,"column":2},"end":{"line":17,"column":22}},"8":{"start":{"line":17,"column":10},"end":{"line":17,"column":22}},"9":{"start":{"line":18,"column":2},"end":{"line":29,"column":4}},"10":{"start":{"line":32,"column":18},"end":{"line":47,"column":1}},"11":{"start":{"line":33,"column":2},"end":{"line":33,"column":22}},"12":{"start":{"line":33,"column":10},"end":{"line":33,"column":22}},"13":{"start":{"line":34,"column":2},"end":{"line":46,"column":4}},"14":{"start":{"line":49,"column":22},"end":{"line":65,"column":1}},"15":{"start":{"line":50,"column":2},"end":{"line":50,"column":22}},"16":{"start":{"line":50,"column":10},"end":{"line":50,"column":22}},"17":{"start":{"line":51,"column":2},"end":{"line":64,"column":4}},"18":{"start":{"line":67,"column":19},"end":{"line":82,"column":1}},"19":{"start":{"line":68,"column":2},"end":{"line":68,"column":22}},"20":{"start":{"line":68,"column":10},"end":{"line":68,"column":22}},"21":{"start":{"line":69,"column":2},"end":{"line":81,"column":4}},"22":{"start":{"line":84,"column":19},"end":{"line":105,"column":1}},"23":{"start":{"line":85,"column":2},"end":{"line":85,"column":22}},"24":{"start":{"line":85,"column":10},"end":{"line":85,"column":22}},"25":{"start":{"line":86,"column":2},"end":{"line":104,"column":4}},"26":{"start":{"line":107,"column":18},"end":{"line":124,"column":1}},"27":{"start":{"line":108,"column":2},"end":{"line":108,"column":24}},"28":{"start":{"line":108,"column":12},"end":{"line":108,"column":24}},"29":{"start":{"line":109,"column":2},"end":{"line":123,"column":4}},"30":{"start":{"line":127,"column":0},"end":{"line":187,"column":3}},"31":{"start":{"line":128,"column":2},"end":{"line":186,"column":3}},"32":{"start":{"line":129,"column":18},"end":{"line":129,"column":70}},"33":{"start":{"line":132,"column":24},"end":{"line":137,"column":6}},"34":{"start":{"line":140,"column":24},"end":{"line":180,"column":6}},"35":{"start":{"line":141,"column":30},"end":{"line":165,"column":11}},"36":{"start":{"line":142,"column":21},"end":{"line":142,"column":43}},"37":{"start":{"line":143,"column":19},"end":{"line":165,"column":9}},"38":{"start":{"line":168,"column":6},"end":{"line":168,"column":86}},"39":{"start":{"line":168,"column":37},"end":{"line":168,"column":84}},"40":{"start":{"line":169,"column":22},"end":{"line":169,"column":56}},"41":{"start":{"line":169,"column":47},"end":{"line":169,"column":55}},"42":{"start":{"line":170,"column":32},"end":{"line":170,"column":47}},"43":{"start":{"line":171,"column":26},"end":{"line":171,"column":39}},"44":{"start":{"line":173,"column":6},"end":{"line":179,"column":8}},"45":{"start":{"line":182,"column":4},"end":{"line":182,"column":26}},"46":{"start":{"line":184,"column":4},"end":{"line":184,"column":25}},"47":{"start":{"line":185,"column":4},"end":{"line":185,"column":51}},"48":{"start":{"line":189,"column":0},"end":{"line":239,"column":3}},"49":{"start":{"line":190,"column":2},"end":{"line":238,"column":3}},"50":{"start":{"line":191,"column":17},"end":{"line":191,"column":84}},"51":{"start":{"line":192,"column":4},"end":{"line":194,"column":5}},"52":{"start":{"line":193,"column":6},"end":{"line":193,"column":63}},"53":{"start":{"line":196,"column":24},"end":{"line":201,"column":17}},"54":{"start":{"line":203,"column":30},"end":{"line":225,"column":7}},"55":{"start":{"line":203,"column":52},"end":{"line":225,"column":5}},"56":{"start":{"line":227,"column":4},"end":{"line":227,"column":86}},"57":{"start":{"line":227,"column":37},"end":{"line":227,"column":84}},"58":{"start":{"line":228,"column":30},"end":{"line":228,"column":58}},"59":{"start":{"line":230,"column":4},"end":{"line":235,"column":7}},"60":{"start":{"line":237,"column":4},"end":{"line":237,"column":51}},"61":{"start":{"line":241,"column":0},"end":{"line":256,"column":3}},"62":{"start":{"line":242,"column":2},"end":{"line":255,"column":3}},"63":{"start":{"line":243,"column":15},"end":{"line":243,"column":27}},"64":{"start":{"line":244,"column":130},"end":{"line":244,"column":138}},"65":{"start":{"line":246,"column":4},"end":{"line":249,"column":93}},"66":{"start":{"line":251,"column":17},"end":{"line":251,"column":73}},"67":{"start":{"line":252,"column":4},"end":{"line":252,"column":40}},"68":{"start":{"line":254,"column":4},"end":{"line":254,"column":51}},"69":{"start":{"line":258,"column":0},"end":{"line":288,"column":3}},"70":{"start":{"line":259,"column":2},"end":{"line":287,"column":3}},"71":{"start":{"line":260,"column":95},"end":{"line":260,"column":103}},"72":{"start":{"line":262,"column":21},"end":{"line":262,"column":88}},"73":{"start":{"line":263,"column":4},"end":{"line":265,"column":5}},"74":{"start":{"line":264,"column":6},"end":{"line":264,"column":63}},"75":{"start":{"line":267,"column":20},"end":{"line":275,"column":5}},"76":{"start":{"line":277,"column":4},"end":{"line":281,"column":154}},"77":{"start":{"line":283,"column":17},"end":{"line":283,"column":84}},"78":{"start":{"line":284,"column":4},"end":{"line":284,"column":28}},"79":{"start":{"line":286,"column":4},"end":{"line":286,"column":51}},"80":{"start":{"line":290,"column":0},"end":{"line":301,"column":3}},"81":{"start":{"line":291,"column":2},"end":{"line":300,"column":3}},"82":{"start":{"line":292,"column":25},"end":{"line":292,"column":130}},"83":{"start":{"line":293,"column":4},"end":{"line":295,"column":5}},"84":{"start":{"line":294,"column":6},"end":{"line":294,"column":122}},"85":{"start":{"line":296,"column":4},"end":{"line":296,"column":65}},"86":{"start":{"line":297,"column":4},"end":{"line":297,"column":26}},"87":{"start":{"line":299,"column":4},"end":{"line":299,"column":51}},"88":{"start":{"line":305,"column":0},"end":{"line":312,"column":3}},"89":{"start":{"line":306,"column":2},"end":{"line":311,"column":3}},"90":{"start":{"line":307,"column":20},"end":{"line":307,"column":75}},"91":{"start":{"line":308,"column":4},"end":{"line":308,"column":37}},"92":{"start":{"line":310,"column":4},"end":{"line":310,"column":51}},"93":{"start":{"line":314,"column":0},"end":{"line":324,"column":3}},"94":{"start":{"line":315,"column":2},"end":{"line":323,"column":3}},"95":{"start":{"line":316,"column":19},"end":{"line":316,"column":91}},"96":{"start":{"line":317,"column":4},"end":{"line":319,"column":5}},"97":{"start":{"line":318,"column":6},"end":{"line":318,"column":65}},"98":{"start":{"line":320,"column":4},"end":{"line":320,"column":32}},"99":{"start":{"line":322,"column":4},"end":{"line":322,"column":51}},"100":{"start":{"line":326,"column":0},"end":{"line":341,"column":3}},"101":{"start":{"line":327,"column":2},"end":{"line":340,"column":3}},"102":{"start":{"line":328,"column":15},"end":{"line":328,"column":27}},"103":{"start":{"line":329,"column":141},"end":{"line":329,"column":149}},"104":{"start":{"line":331,"column":4},"end":{"line":334,"column":104}},"105":{"start":{"line":336,"column":19},"end":{"line":336,"column":80}},"106":{"start":{"line":337,"column":4},"end":{"line":337,"column":44}},"107":{"start":{"line":339,"column":4},"end":{"line":339,"column":51}},"108":{"start":{"line":343,"column":0},"end":{"line":371,"column":3}},"109":{"start":{"line":344,"column":2},"end":{"line":370,"column":3}},"110":{"start":{"line":345,"column":106},"end":{"line":345,"column":114}},"111":{"start":{"line":346,"column":21},"end":{"line":346,"column":93}},"112":{"start":{"line":347,"column":4},"end":{"line":347,"column":78}},"113":{"start":{"line":347,"column":19},"end":{"line":347,"column":78}},"114":{"start":{"line":349,"column":20},"end":{"line":358,"column":5}},"115":{"start":{"line":360,"column":4},"end":{"line":364,"column":174}},"116":{"start":{"line":366,"column":19},"end":{"line":366,"column":91}},"117":{"start":{"line":367,"column":4},"end":{"line":367,"column":32}},"118":{"start":{"line":369,"column":4},"end":{"line":369,"column":51}},"119":{"start":{"line":373,"column":0},"end":{"line":380,"column":3}},"120":{"start":{"line":374,"column":2},"end":{"line":379,"column":3}},"121":{"start":{"line":375,"column":4},"end":{"line":375,"column":70}},"122":{"start":{"line":376,"column":4},"end":{"line":376,"column":26}},"123":{"start":{"line":378,"column":4},"end":{"line":378,"column":51}},"124":{"start":{"line":384,"column":0},"end":{"line":427,"column":3}},"125":{"start":{"line":385,"column":2},"end":{"line":426,"column":3}},"126":{"start":{"line":386,"column":101},"end":{"line":386,"column":109}},"127":{"start":{"line":389,"column":17},"end":{"line":389,"column":108}},"128":{"start":{"line":390,"column":4},"end":{"line":390,"column":72}},"129":{"start":{"line":390,"column":15},"end":{"line":390,"column":72}},"130":{"start":{"line":391,"column":4},"end":{"line":393,"column":5}},"131":{"start":{"line":392,"column":6},"end":{"line":392,"column":90}},"132":{"start":{"line":396,"column":31},"end":{"line":396,"column":127}},"133":{"start":{"line":397,"column":25},"end":{"line":397,"column":50}},"134":{"start":{"line":398,"column":4},"end":{"line":400,"column":5}},"135":{"start":{"line":399,"column":6},"end":{"line":399,"column":93}},"136":{"start":{"line":403,"column":21},"end":{"line":403,"column":150}},"137":{"start":{"line":404,"column":4},"end":{"line":406,"column":5}},"138":{"start":{"line":405,"column":6},"end":{"line":405,"column":83}},"139":{"start":{"line":409,"column":4},"end":{"line":411,"column":5}},"140":{"start":{"line":410,"column":6},"end":{"line":410,"column":119}},"141":{"start":{"line":413,"column":15},"end":{"line":413,"column":27}},"142":{"start":{"line":414,"column":4},"end":{"line":417,"column":123}},"143":{"start":{"line":420,"column":4},"end":{"line":420,"column":82}},"144":{"start":{"line":422,"column":30},"end":{"line":422,"column":94}},"145":{"start":{"line":423,"column":4},"end":{"line":423,"column":59}},"146":{"start":{"line":425,"column":4},"end":{"line":425,"column":51}},"147":{"start":{"line":429,"column":0},"end":{"line":443,"column":3}},"148":{"start":{"line":430,"column":2},"end":{"line":442,"column":3}},"149":{"start":{"line":431,"column":24},"end":{"line":431,"column":32}},"150":{"start":{"line":432,"column":4},"end":{"line":432,"column":80}},"151":{"start":{"line":432,"column":18},"end":{"line":432,"column":80}},"152":{"start":{"line":435,"column":4},"end":{"line":435,"column":117}},"153":{"start":{"line":437,"column":4},"end":{"line":437,"column":94}},"154":{"start":{"line":439,"column":4},"end":{"line":439,"column":65}},"155":{"start":{"line":441,"column":4},"end":{"line":441,"column":51}},"156":{"start":{"line":445,"column":0},"end":{"line":463,"column":3}},"157":{"start":{"line":446,"column":2},"end":{"line":462,"column":3}},"158":{"start":{"line":447,"column":23},"end":{"line":447,"column":105}},"159":{"start":{"line":448,"column":4},"end":{"line":448,"column":84}},"160":{"start":{"line":448,"column":21},"end":{"line":448,"column":84}},"161":{"start":{"line":450,"column":21},"end":{"line":450,"column":59}},"162":{"start":{"line":451,"column":4},"end":{"line":451,"column":120}},"163":{"start":{"line":454,"column":22},"end":{"line":454,"column":130}},"164":{"start":{"line":455,"column":4},"end":{"line":457,"column":5}},"165":{"start":{"line":456,"column":6},"end":{"line":456,"column":97}},"166":{"start":{"line":459,"column":4},"end":{"line":459,"column":64}},"167":{"start":{"line":461,"column":4},"end":{"line":461,"column":51}},"168":{"start":{"line":465,"column":0},"end":{"line":474,"column":3}},"169":{"start":{"line":466,"column":2},"end":{"line":473,"column":3}},"170":{"start":{"line":467,"column":34},"end":{"line":467,"column":42}},"171":{"start":{"line":468,"column":4},"end":{"line":468,"column":117}},"172":{"start":{"line":469,"column":20},"end":{"line":469,"column":95}},"173":{"start":{"line":470,"column":4},"end":{"line":470,"column":37}},"174":{"start":{"line":472,"column":4},"end":{"line":472,"column":51}},"175":{"start":{"line":476,"column":0},"end":{"line":529,"column":3}},"176":{"start":{"line":477,"column":2},"end":{"line":528,"column":3}},"177":{"start":{"line":478,"column":23},"end":{"line":478,"column":65}},"178":{"start":{"line":479,"column":18},"end":{"line":479,"column":28}},"179":{"start":{"line":480,"column":23},"end":{"line":480,"column":38}},"180":{"start":{"line":481,"column":4},"end":{"line":481,"column":53}},"181":{"start":{"line":483,"column":21},"end":{"line":483,"column":54}},"182":{"start":{"line":484,"column":22},"end":{"line":484,"column":60}},"183":{"start":{"line":486,"column":17},"end":{"line":498,"column":29}},"184":{"start":{"line":500,"column":19},"end":{"line":523,"column":7}},"185":{"start":{"line":500,"column":37},"end":{"line":523,"column":5}},"186":{"start":{"line":525,"column":4},"end":{"line":525,"column":21}},"187":{"start":{"line":527,"column":4},"end":{"line":527,"column":51}},"188":{"start":{"line":533,"column":0},"end":{"line":560,"column":3}},"189":{"start":{"line":534,"column":2},"end":{"line":559,"column":3}},"190":{"start":{"line":535,"column":17},"end":{"line":540,"column":6}},"191":{"start":{"line":542,"column":19},"end":{"line":554,"column":7}},"192":{"start":{"line":542,"column":37},"end":{"line":554,"column":5}},"193":{"start":{"line":556,"column":4},"end":{"line":556,"column":21}},"194":{"start":{"line":558,"column":4},"end":{"line":558,"column":51}},"195":{"start":{"line":562,"column":0},"end":{"line":569,"column":3}},"196":{"start":{"line":563,"column":2},"end":{"line":568,"column":3}},"197":{"start":{"line":564,"column":17},"end":{"line":564,"column":128}},"198":{"start":{"line":565,"column":4},"end":{"line":565,"column":35}},"199":{"start":{"line":567,"column":4},"end":{"line":567,"column":51}},"200":{"start":{"line":571,"column":0},"end":{"line":578,"column":3}},"201":{"start":{"line":572,"column":2},"end":{"line":577,"column":3}},"202":{"start":{"line":573,"column":16},"end":{"line":573,"column":138}},"203":{"start":{"line":574,"column":4},"end":{"line":574,"column":30}},"204":{"start":{"line":576,"column":4},"end":{"line":576,"column":51}},"205":{"start":{"line":580,"column":0},"end":{"line":610,"column":3}},"206":{"start":{"line":581,"column":2},"end":{"line":609,"column":3}},"207":{"start":{"line":582,"column":15},"end":{"line":582,"column":27}},"208":{"start":{"line":583,"column":159},"end":{"line":583,"column":167}},"209":{"start":{"line":585,"column":4},"end":{"line":591,"column":5}},"210":{"start":{"line":590,"column":6},"end":{"line":590,"column":97}},"211":{"start":{"line":593,"column":4},"end":{"line":595,"column":5}},"212":{"start":{"line":594,"column":6},"end":{"line":594,"column":94}},"213":{"start":{"line":596,"column":4},"end":{"line":598,"column":5}},"214":{"start":{"line":597,"column":6},"end":{"line":597,"column":94}},"215":{"start":{"line":600,"column":4},"end":{"line":603,"column":142}},"216":{"start":{"line":605,"column":20},"end":{"line":605,"column":87}},"217":{"start":{"line":606,"column":4},"end":{"line":606,"column":46}},"218":{"start":{"line":608,"column":4},"end":{"line":608,"column":51}},"219":{"start":{"line":612,"column":0},"end":{"line":655,"column":3}},"220":{"start":{"line":613,"column":2},"end":{"line":654,"column":3}},"221":{"start":{"line":614,"column":144},"end":{"line":614,"column":152}},"222":{"start":{"line":615,"column":21},"end":{"line":615,"column":99}},"223":{"start":{"line":616,"column":4},"end":{"line":616,"column":79}},"224":{"start":{"line":616,"column":19},"end":{"line":616,"column":79}},"225":{"start":{"line":618,"column":20},"end":{"line":627,"column":5}},"226":{"start":{"line":629,"column":4},"end":{"line":635,"column":5}},"227":{"start":{"line":634,"column":6},"end":{"line":634,"column":97}},"228":{"start":{"line":637,"column":4},"end":{"line":639,"column":5}},"229":{"start":{"line":638,"column":6},"end":{"line":638,"column":94}},"230":{"start":{"line":640,"column":4},"end":{"line":642,"column":5}},"231":{"start":{"line":641,"column":6},"end":{"line":641,"column":94}},"232":{"start":{"line":644,"column":4},"end":{"line":648,"column":189}},"233":{"start":{"line":650,"column":19},"end":{"line":650,"column":97}},"234":{"start":{"line":651,"column":4},"end":{"line":651,"column":33}},"235":{"start":{"line":653,"column":4},"end":{"line":653,"column":51}},"236":{"start":{"line":657,"column":0},"end":{"line":664,"column":3}},"237":{"start":{"line":658,"column":2},"end":{"line":663,"column":3}},"238":{"start":{"line":659,"column":4},"end":{"line":659,"column":76}},"239":{"start":{"line":660,"column":4},"end":{"line":660,"column":26}},"240":{"start":{"line":662,"column":4},"end":{"line":662,"column":51}},"241":{"start":{"line":668,"column":0},"end":{"line":722,"column":3}},"242":{"start":{"line":669,"column":2},"end":{"line":721,"column":3}},"243":{"start":{"line":670,"column":17},"end":{"line":680,"column":6}},"244":{"start":{"line":682,"column":19},"end":{"line":716,"column":7}},"245":{"start":{"line":682,"column":37},"end":{"line":716,"column":5}},"246":{"start":{"line":718,"column":4},"end":{"line":718,"column":21}},"247":{"start":{"line":720,"column":4},"end":{"line":720,"column":51}},"248":{"start":{"line":724,"column":0},"end":{"line":747,"column":3}},"249":{"start":{"line":725,"column":2},"end":{"line":746,"column":3}},"250":{"start":{"line":726,"column":17},"end":{"line":732,"column":6}},"251":{"start":{"line":734,"column":21},"end":{"line":734,"column":141}},"252":{"start":{"line":736,"column":4},"end":{"line":739,"column":7}},"253":{"start":{"line":737,"column":25},"end":{"line":737,"column":135}},"254":{"start":{"line":738,"column":6},"end":{"line":738,"column":283}},"255":{"start":{"line":741,"column":4},"end":{"line":741,"column":61}},"256":{"start":{"line":742,"column":4},"end":{"line":742,"column":87}},"257":{"start":{"line":743,"column":4},"end":{"line":743,"column":36}},"258":{"start":{"line":745,"column":4},"end":{"line":745,"column":51}},"259":{"start":{"line":749,"column":0},"end":{"line":803,"column":3}},"260":{"start":{"line":750,"column":2},"end":{"line":802,"column":3}},"261":{"start":{"line":751,"column":17},"end":{"line":761,"column":23}},"262":{"start":{"line":763,"column":4},"end":{"line":763,"column":75}},"263":{"start":{"line":763,"column":15},"end":{"line":763,"column":75}},"264":{"start":{"line":765,"column":4},"end":{"line":799,"column":7}},"265":{"start":{"line":801,"column":4},"end":{"line":801,"column":51}},"266":{"start":{"line":805,"column":0},"end":{"line":834,"column":3}},"267":{"start":{"line":806,"column":2},"end":{"line":833,"column":3}},"268":{"start":{"line":807,"column":15},"end":{"line":807,"column":27}},"269":{"start":{"line":822,"column":8},"end":{"line":822,"column":16}},"270":{"start":{"line":824,"column":4},"end":{"line":827,"column":172}},"271":{"start":{"line":829,"column":20},"end":{"line":829,"column":78}},"272":{"start":{"line":830,"column":4},"end":{"line":830,"column":46}},"273":{"start":{"line":832,"column":4},"end":{"line":832,"column":51}},"274":{"start":{"line":836,"column":0},"end":{"line":870,"column":3}},"275":{"start":{"line":837,"column":2},"end":{"line":869,"column":3}},"276":{"start":{"line":838,"column":185},"end":{"line":838,"column":193}},"277":{"start":{"line":839,"column":21},"end":{"line":839,"column":90}},"278":{"start":{"line":840,"column":4},"end":{"line":840,"column":79}},"279":{"start":{"line":840,"column":19},"end":{"line":840,"column":79}},"280":{"start":{"line":842,"column":20},"end":{"line":857,"column":5}},"281":{"start":{"line":859,"column":4},"end":{"line":863,"column":323}},"282":{"start":{"line":865,"column":19},"end":{"line":865,"column":88}},"283":{"start":{"line":866,"column":4},"end":{"line":866,"column":33}},"284":{"start":{"line":868,"column":4},"end":{"line":868,"column":51}},"285":{"start":{"line":872,"column":0},"end":{"line":879,"column":3}},"286":{"start":{"line":873,"column":2},"end":{"line":878,"column":3}},"287":{"start":{"line":874,"column":4},"end":{"line":874,"column":67}},"288":{"start":{"line":875,"column":4},"end":{"line":875,"column":26}},"289":{"start":{"line":877,"column":4},"end":{"line":877,"column":51}},"290":{"start":{"line":881,"column":0},"end":{"line":895,"column":3}},"291":{"start":{"line":882,"column":2},"end":{"line":894,"column":3}},"292":{"start":{"line":883,"column":18},"end":{"line":883,"column":56}},"293":{"start":{"line":884,"column":4},"end":{"line":890,"column":16}},"294":{"start":{"line":891,"column":4},"end":{"line":891,"column":54}},"295":{"start":{"line":893,"column":4},"end":{"line":893,"column":51}},"296":{"start":{"line":897,"column":0},"end":{"line":911,"column":3}},"297":{"start":{"line":898,"column":2},"end":{"line":910,"column":3}},"298":{"start":{"line":899,"column":18},"end":{"line":899,"column":56}},"299":{"start":{"line":900,"column":4},"end":{"line":904,"column":31}},"300":{"start":{"line":906,"column":20},"end":{"line":906,"column":89}},"301":{"start":{"line":907,"column":4},"end":{"line":907,"column":34}},"302":{"start":{"line":909,"column":4},"end":{"line":909,"column":51}},"303":{"start":{"line":915,"column":0},"end":{"line":956,"column":3}},"304":{"start":{"line":916,"column":2},"end":{"line":955,"column":3}},"305":{"start":{"line":917,"column":17},"end":{"line":925,"column":6}},"306":{"start":{"line":927,"column":19},"end":{"line":950,"column":7}},"307":{"start":{"line":927,"column":37},"end":{"line":950,"column":5}},"308":{"start":{"line":952,"column":4},"end":{"line":952,"column":21}},"309":{"start":{"line":954,"column":4},"end":{"line":954,"column":51}},"310":{"start":{"line":958,"column":0},"end":{"line":999,"column":3}},"311":{"start":{"line":959,"column":2},"end":{"line":998,"column":3}},"312":{"start":{"line":960,"column":17},"end":{"line":968,"column":23}},"313":{"start":{"line":970,"column":4},"end":{"line":970,"column":82}},"314":{"start":{"line":970,"column":15},"end":{"line":970,"column":82}},"315":{"start":{"line":972,"column":4},"end":{"line":995,"column":7}},"316":{"start":{"line":997,"column":4},"end":{"line":997,"column":51}},"317":{"start":{"line":1001,"column":0},"end":{"line":1023,"column":3}},"318":{"start":{"line":1002,"column":2},"end":{"line":1022,"column":3}},"319":{"start":{"line":1003,"column":15},"end":{"line":1003,"column":27}},"320":{"start":{"line":1004,"column":124},"end":{"line":1004,"column":132}},"321":{"start":{"line":1006,"column":4},"end":{"line":1011,"column":5}},"322":{"start":{"line":1007,"column":23},"end":{"line":1007,"column":155}},"323":{"start":{"line":1008,"column":6},"end":{"line":1010,"column":7}},"324":{"start":{"line":1009,"column":8},"end":{"line":1009,"column":113}},"325":{"start":{"line":1013,"column":4},"end":{"line":1016,"column":84}},"326":{"start":{"line":1018,"column":20},"end":{"line":1018,"column":87}},"327":{"start":{"line":1019,"column":4},"end":{"line":1019,"column":45}},"328":{"start":{"line":1021,"column":4},"end":{"line":1021,"column":51}},"329":{"start":{"line":1025,"column":0},"end":{"line":1059,"column":3}},"330":{"start":{"line":1026,"column":2},"end":{"line":1058,"column":3}},"331":{"start":{"line":1027,"column":117},"end":{"line":1027,"column":125}},"332":{"start":{"line":1028,"column":21},"end":{"line":1028,"column":99}},"333":{"start":{"line":1029,"column":4},"end":{"line":1029,"column":86}},"334":{"start":{"line":1029,"column":19},"end":{"line":1029,"column":86}},"335":{"start":{"line":1031,"column":26},"end":{"line":1031,"column":37}},"336":{"start":{"line":1032,"column":4},"end":{"line":1034,"column":5}},"337":{"start":{"line":1033,"column":6},"end":{"line":1033,"column":49}},"338":{"start":{"line":1036,"column":20},"end":{"line":1046,"column":5}},"339":{"start":{"line":1048,"column":4},"end":{"line":1052,"column":215}},"340":{"start":{"line":1054,"column":19},"end":{"line":1054,"column":97}},"341":{"start":{"line":1055,"column":4},"end":{"line":1055,"column":32}},"342":{"start":{"line":1057,"column":4},"end":{"line":1057,"column":51}},"343":{"start":{"line":1061,"column":0},"end":{"line":1068,"column":3}},"344":{"start":{"line":1062,"column":2},"end":{"line":1067,"column":3}},"345":{"start":{"line":1063,"column":4},"end":{"line":1063,"column":76}},"346":{"start":{"line":1064,"column":4},"end":{"line":1064,"column":26}},"347":{"start":{"line":1066,"column":4},"end":{"line":1066,"column":51}},"348":{"start":{"line":1072,"column":0},"end":{"line":1076,"column":1}},"349":{"start":{"line":1073,"column":2},"end":{"line":1075,"column":5}},"350":{"start":{"line":1074,"column":4},"end":{"line":1074,"column":65}}},"fnMap":{"0":{"name":"(anonymous_0)","decl":{"start":{"line":13,"column":19},"end":{"line":13,"column":20}},"loc":{"start":{"line":13,"column":25},"end":{"line":13,"column":44}},"line":13},"1":{"name":"(anonymous_1)","decl":{"start":{"line":16,"column":16},"end":{"line":16,"column":17}},"loc":{"start":{"line":16,"column":23},"end":{"line":30,"column":1}},"line":16},"2":{"name":"(anonymous_2)","decl":{"start":{"line":32,"column":18},"end":{"line":32,"column":19}},"loc":{"start":{"line":32,"column":25},"end":{"line":47,"column":1}},"line":32},"3":{"name":"(anonymous_3)","decl":{"start":{"line":49,"column":22},"end":{"line":49,"column":23}},"loc":{"start":{"line":49,"column":29},"end":{"line":65,"column":1}},"line":49},"4":{"name":"(anonymous_4)","decl":{"start":{"line":67,"column":19},"end":{"line":67,"column":20}},"loc":{"start":{"line":67,"column":26},"end":{"line":82,"column":1}},"line":67},"5":{"name":"(anonymous_5)","decl":{"start":{"line":84,"column":19},"end":{"line":84,"column":20}},"loc":{"start":{"line":84,"column":26},"end":{"line":105,"column":1}},"line":84},"6":{"name":"(anonymous_6)","decl":{"start":{"line":107,"column":18},"end":{"line":107,"column":19}},"loc":{"start":{"line":107,"column":27},"end":{"line":124,"column":1}},"line":107},"7":{"name":"(anonymous_7)","decl":{"start":{"line":127,"column":22},"end":{"line":127,"column":23}},"loc":{"start":{"line":127,"column":42},"end":{"line":187,"column":1}},"line":127},"8":{"name":"(anonymous_8)","decl":{"start":{"line":140,"column":34},"end":{"line":140,"column":35}},"loc":{"start":{"line":140,"column":42},"end":{"line":180,"column":5}},"line":140},"9":{"name":"(anonymous_9)","decl":{"start":{"line":142,"column":16},"end":{"line":142,"column":17}},"loc":{"start":{"line":142,"column":21},"end":{"line":142,"column":43}},"line":142},"10":{"name":"(anonymous_10)","decl":{"start":{"line":143,"column":13},"end":{"line":143,"column":14}},"loc":{"start":{"line":143,"column":19},"end":{"line":165,"column":9}},"line":143},"11":{"name":"(anonymous_11)","decl":{"start":{"line":168,"column":27},"end":{"line":168,"column":28}},"loc":{"start":{"line":168,"column":37},"end":{"line":168,"column":84}},"line":168},"12":{"name":"(anonymous_12)","decl":{"start":{"line":169,"column":42},"end":{"line":169,"column":43}},"loc":{"start":{"line":169,"column":47},"end":{"line":169,"column":55}},"line":169},"13":{"name":"(anonymous_13)","decl":{"start":{"line":189,"column":26},"end":{"line":189,"column":27}},"loc":{"start":{"line":189,"column":46},"end":{"line":239,"column":1}},"line":189},"14":{"name":"(anonymous_14)","decl":{"start":{"line":203,"column":46},"end":{"line":203,"column":47}},"loc":{"start":{"line":203,"column":52},"end":{"line":225,"column":5}},"line":203},"15":{"name":"(anonymous_15)","decl":{"start":{"line":227,"column":27},"end":{"line":227,"column":28}},"loc":{"start":{"line":227,"column":37},"end":{"line":227,"column":84}},"line":227},"16":{"name":"(anonymous_16)","decl":{"start":{"line":241,"column":23},"end":{"line":241,"column":24}},"loc":{"start":{"line":241,"column":43},"end":{"line":256,"column":1}},"line":241},"17":{"name":"(anonymous_17)","decl":{"start":{"line":258,"column":26},"end":{"line":258,"column":27}},"loc":{"start":{"line":258,"column":46},"end":{"line":288,"column":1}},"line":258},"18":{"name":"(anonymous_18)","decl":{"start":{"line":290,"column":29},"end":{"line":290,"column":30}},"loc":{"start":{"line":290,"column":49},"end":{"line":301,"column":1}},"line":290},"19":{"name":"(anonymous_19)","decl":{"start":{"line":305,"column":24},"end":{"line":305,"column":25}},"loc":{"start":{"line":305,"column":44},"end":{"line":312,"column":1}},"line":305},"20":{"name":"(anonymous_20)","decl":{"start":{"line":314,"column":28},"end":{"line":314,"column":29}},"loc":{"start":{"line":314,"column":48},"end":{"line":324,"column":1}},"line":314},"21":{"name":"(anonymous_21)","decl":{"start":{"line":326,"column":25},"end":{"line":326,"column":26}},"loc":{"start":{"line":326,"column":45},"end":{"line":341,"column":1}},"line":326},"22":{"name":"(anonymous_22)","decl":{"start":{"line":343,"column":28},"end":{"line":343,"column":29}},"loc":{"start":{"line":343,"column":48},"end":{"line":371,"column":1}},"line":343},"23":{"name":"(anonymous_23)","decl":{"start":{"line":373,"column":31},"end":{"line":373,"column":32}},"loc":{"start":{"line":373,"column":51},"end":{"line":380,"column":1}},"line":373},"24":{"name":"(anonymous_24)","decl":{"start":{"line":384,"column":34},"end":{"line":384,"column":35}},"loc":{"start":{"line":384,"column":54},"end":{"line":427,"column":1}},"line":384},"25":{"name":"(anonymous_25)","decl":{"start":{"line":429,"column":45},"end":{"line":429,"column":46}},"loc":{"start":{"line":429,"column":65},"end":{"line":443,"column":1}},"line":429},"26":{"name":"(anonymous_26)","decl":{"start":{"line":445,"column":42},"end":{"line":445,"column":43}},"loc":{"start":{"line":445,"column":62},"end":{"line":463,"column":1}},"line":445},"27":{"name":"(anonymous_27)","decl":{"start":{"line":465,"column":44},"end":{"line":465,"column":45}},"loc":{"start":{"line":465,"column":64},"end":{"line":474,"column":1}},"line":465},"28":{"name":"(anonymous_28)","decl":{"start":{"line":476,"column":42},"end":{"line":476,"column":43}},"loc":{"start":{"line":476,"column":62},"end":{"line":529,"column":1}},"line":476},"29":{"name":"(anonymous_29)","decl":{"start":{"line":500,"column":28},"end":{"line":500,"column":29}},"loc":{"start":{"line":500,"column":37},"end":{"line":523,"column":5}},"line":500},"30":{"name":"(anonymous_30)","decl":{"start":{"line":533,"column":31},"end":{"line":533,"column":32}},"loc":{"start":{"line":533,"column":51},"end":{"line":560,"column":1}},"line":533},"31":{"name":"(anonymous_31)","decl":{"start":{"line":542,"column":28},"end":{"line":542,"column":29}},"loc":{"start":{"line":542,"column":37},"end":{"line":554,"column":5}},"line":542},"32":{"name":"(anonymous_32)","decl":{"start":{"line":562,"column":44},"end":{"line":562,"column":45}},"loc":{"start":{"line":562,"column":64},"end":{"line":569,"column":1}},"line":562},"33":{"name":"(anonymous_33)","decl":{"start":{"line":571,"column":46},"end":{"line":571,"column":47}},"loc":{"start":{"line":571,"column":66},"end":{"line":578,"column":1}},"line":571},"34":{"name":"(anonymous_34)","decl":{"start":{"line":580,"column":32},"end":{"line":580,"column":33}},"loc":{"start":{"line":580,"column":52},"end":{"line":610,"column":1}},"line":580},"35":{"name":"(anonymous_35)","decl":{"start":{"line":612,"column":35},"end":{"line":612,"column":36}},"loc":{"start":{"line":612,"column":55},"end":{"line":655,"column":1}},"line":612},"36":{"name":"(anonymous_36)","decl":{"start":{"line":657,"column":38},"end":{"line":657,"column":39}},"loc":{"start":{"line":657,"column":58},"end":{"line":664,"column":1}},"line":657},"37":{"name":"(anonymous_37)","decl":{"start":{"line":668,"column":25},"end":{"line":668,"column":26}},"loc":{"start":{"line":668,"column":45},"end":{"line":722,"column":1}},"line":668},"38":{"name":"(anonymous_38)","decl":{"start":{"line":682,"column":28},"end":{"line":682,"column":29}},"loc":{"start":{"line":682,"column":37},"end":{"line":716,"column":5}},"line":682},"39":{"name":"(anonymous_39)","decl":{"start":{"line":724,"column":32},"end":{"line":724,"column":33}},"loc":{"start":{"line":724,"column":52},"end":{"line":747,"column":1}},"line":724},"40":{"name":"(anonymous_40)","decl":{"start":{"line":736,"column":17},"end":{"line":736,"column":18}},"loc":{"start":{"line":736,"column":25},"end":{"line":739,"column":5}},"line":736},"41":{"name":"(anonymous_41)","decl":{"start":{"line":749,"column":29},"end":{"line":749,"column":30}},"loc":{"start":{"line":749,"column":49},"end":{"line":803,"column":1}},"line":749},"42":{"name":"(anonymous_42)","decl":{"start":{"line":805,"column":26},"end":{"line":805,"column":27}},"loc":{"start":{"line":805,"column":46},"end":{"line":834,"column":1}},"line":805},"43":{"name":"(anonymous_43)","decl":{"start":{"line":836,"column":29},"end":{"line":836,"column":30}},"loc":{"start":{"line":836,"column":49},"end":{"line":870,"column":1}},"line":836},"44":{"name":"(anonymous_44)","decl":{"start":{"line":872,"column":32},"end":{"line":872,"column":33}},"loc":{"start":{"line":872,"column":52},"end":{"line":879,"column":1}},"line":872},"45":{"name":"(anonymous_45)","decl":{"start":{"line":881,"column":39},"end":{"line":881,"column":40}},"loc":{"start":{"line":881,"column":59},"end":{"line":895,"column":1}},"line":881},"46":{"name":"(anonymous_46)","decl":{"start":{"line":897,"column":34},"end":{"line":897,"column":35}},"loc":{"start":{"line":897,"column":54},"end":{"line":911,"column":1}},"line":897},"47":{"name":"(anonymous_47)","decl":{"start":{"line":915,"column":32},"end":{"line":915,"column":33}},"loc":{"start":{"line":915,"column":52},"end":{"line":956,"column":1}},"line":915},"48":{"name":"(anonymous_48)","decl":{"start":{"line":927,"column":28},"end":{"line":927,"column":29}},"loc":{"start":{"line":927,"column":37},"end":{"line":950,"column":5}},"line":927},"49":{"name":"(anonymous_49)","decl":{"start":{"line":958,"column":36},"end":{"line":958,"column":37}},"loc":{"start":{"line":958,"column":56},"end":{"line":999,"column":1}},"line":958},"50":{"name":"(anonymous_50)","decl":{"start":{"line":1001,"column":33},"end":{"line":1001,"column":34}},"loc":{"start":{"line":1001,"column":53},"end":{"line":1023,"column":1}},"line":1001},"51":{"name":"(anonymous_51)","decl":{"start":{"line":1025,"column":36},"end":{"line":1025,"column":37}},"loc":{"start":{"line":1025,"column":56},"end":{"line":1059,"column":1}},"line":1025},"52":{"name":"(anonymous_52)","decl":{"start":{"line":1061,"column":39},"end":{"line":1061,"column":40}},"loc":{"start":{"line":1061,"column":59},"end":{"line":1068,"column":1}},"line":1061},"53":{"name":"(anonymous_53)","decl":{"start":{"line":1073,"column":19},"end":{"line":1073,"column":20}},"loc":{"start":{"line":1073,"column":25},"end":{"line":1075,"column":3}},"line":1073}},"branchMap":{"0":{"loc":{"start":{"line":7,"column":13},"end":{"line":7,"column":37}},"type":"binary-expr","locations":[{"start":{"line":7,"column":13},"end":{"line":7,"column":29}},{"start":{"line":7,"column":33},"end":{"line":7,"column":37}}],"line":7},"1":{"loc":{"start":{"line":17,"column":2},"end":{"line":17,"column":22}},"type":"if","locations":[{"start":{"line":17,"column":2},"end":{"line":17,"column":22}},{"start":{},"end":{}}],"line":17},"2":{"loc":{"start":{"line":33,"column":2},"end":{"line":33,"column":22}},"type":"if","locations":[{"start":{"line":33,"column":2},"end":{"line":33,"column":22}},{"start":{},"end":{}}],"line":33},"3":{"loc":{"start":{"line":50,"column":2},"end":{"line":50,"column":22}},"type":"if","locations":[{"start":{"line":50,"column":2},"end":{"line":50,"column":22}},{"start":{},"end":{}}],"line":50},"4":{"loc":{"start":{"line":68,"column":2},"end":{"line":68,"column":22}},"type":"if","locations":[{"start":{"line":68,"column":2},"end":{"line":68,"column":22}},{"start":{},"end":{}}],"line":68},"5":{"loc":{"start":{"line":85,"column":2},"end":{"line":85,"column":22}},"type":"if","locations":[{"start":{"line":85,"column":2},"end":{"line":85,"column":22}},{"start":{},"end":{}}],"line":85},"6":{"loc":{"start":{"line":108,"column":2},"end":{"line":108,"column":24}},"type":"if","locations":[{"start":{"line":108,"column":2},"end":{"line":108,"column":24}},{"start":{},"end":{}}],"line":108},"7":{"loc":{"start":{"line":168,"column":38},"end":{"line":168,"column":58}},"type":"cond-expr","locations":[{"start":{"line":168,"column":53},"end":{"line":168,"column":54}},{"start":{"line":168,"column":57},"end":{"line":168,"column":58}}],"line":168},"8":{"loc":{"start":{"line":168,"column":63},"end":{"line":168,"column":83}},"type":"cond-expr","locations":[{"start":{"line":168,"column":78},"end":{"line":168,"column":79}},{"start":{"line":168,"column":82},"end":{"line":168,"column":83}}],"line":168},"9":{"loc":{"start":{"line":175,"column":24},"end":{"line":175,"column":42}},"type":"binary-expr","locations":[{"start":{"line":175,"column":24},"end":{"line":175,"column":34}},{"start":{"line":175,"column":38},"end":{"line":175,"column":42}}],"line":175},"10":{"loc":{"start":{"line":176,"column":28},"end":{"line":176,"column":56}},"type":"binary-expr","locations":[{"start":{"line":176,"column":28},"end":{"line":176,"column":48}},{"start":{"line":176,"column":52},"end":{"line":176,"column":56}}],"line":176},"11":{"loc":{"start":{"line":192,"column":4},"end":{"line":194,"column":5}},"type":"if","locations":[{"start":{"line":192,"column":4},"end":{"line":194,"column":5}},{"start":{},"end":{}}],"line":192},"12":{"loc":{"start":{"line":227,"column":38},"end":{"line":227,"column":58}},"type":"cond-expr","locations":[{"start":{"line":227,"column":53},"end":{"line":227,"column":54}},{"start":{"line":227,"column":57},"end":{"line":227,"column":58}}],"line":227},"13":{"loc":{"start":{"line":227,"column":63},"end":{"line":227,"column":83}},"type":"cond-expr","locations":[{"start":{"line":227,"column":78},"end":{"line":227,"column":79}},{"start":{"line":227,"column":82},"end":{"line":227,"column":83}}],"line":227},"14":{"loc":{"start":{"line":228,"column":30},"end":{"line":228,"column":58}},"type":"binary-expr","locations":[{"start":{"line":228,"column":30},"end":{"line":228,"column":50}},{"start":{"line":228,"column":54},"end":{"line":228,"column":58}}],"line":228},"15":{"loc":{"start":{"line":232,"column":22},"end":{"line":232,"column":55}},"type":"binary-expr","locations":[{"start":{"line":232,"column":22},"end":{"line":232,"column":47}},{"start":{"line":232,"column":51},"end":{"line":232,"column":55}}],"line":232},"16":{"loc":{"start":{"line":233,"column":26},"end":{"line":233,"column":51}},"type":"binary-expr","locations":[{"start":{"line":233,"column":26},"end":{"line":233,"column":43}},{"start":{"line":233,"column":47},"end":{"line":233,"column":51}}],"line":233},"17":{"loc":{"start":{"line":244,"column":25},"end":{"line":244,"column":34}},"type":"default-arg","locations":[{"start":{"line":244,"column":33},"end":{"line":244,"column":34}}],"line":244},"18":{"loc":{"start":{"line":244,"column":36},"end":{"line":244,"column":48}},"type":"default-arg","locations":[{"start":{"line":244,"column":47},"end":{"line":244,"column":48}}],"line":244},"19":{"loc":{"start":{"line":244,"column":50},"end":{"line":244,"column":66}},"type":"default-arg","locations":[{"start":{"line":244,"column":65},"end":{"line":244,"column":66}}],"line":244},"20":{"loc":{"start":{"line":244,"column":68},"end":{"line":244,"column":88}},"type":"default-arg","locations":[{"start":{"line":244,"column":77},"end":{"line":244,"column":88}}],"line":244},"21":{"loc":{"start":{"line":244,"column":90},"end":{"line":244,"column":106}},"type":"default-arg","locations":[{"start":{"line":244,"column":104},"end":{"line":244,"column":106}}],"line":244},"22":{"loc":{"start":{"line":244,"column":108},"end":{"line":244,"column":125}},"type":"default-arg","locations":[{"start":{"line":244,"column":124},"end":{"line":244,"column":125}}],"line":244},"23":{"loc":{"start":{"line":263,"column":4},"end":{"line":265,"column":5}},"type":"if","locations":[{"start":{"line":263,"column":4},"end":{"line":265,"column":5}},{"start":{},"end":{}}],"line":263},"24":{"loc":{"start":{"line":268,"column":16},"end":{"line":268,"column":75}},"type":"cond-expr","locations":[{"start":{"line":268,"column":44},"end":{"line":268,"column":55}},{"start":{"line":268,"column":58},"end":{"line":268,"column":75}}],"line":268},"25":{"loc":{"start":{"line":269,"column":12},"end":{"line":269,"column":55}},"type":"cond-expr","locations":[{"start":{"line":269,"column":34},"end":{"line":269,"column":39}},{"start":{"line":269,"column":42},"end":{"line":269,"column":55}}],"line":269},"26":{"loc":{"start":{"line":270,"column":17},"end":{"line":270,"column":71}},"type":"cond-expr","locations":[{"start":{"line":270,"column":42},"end":{"line":270,"column":50}},{"start":{"line":270,"column":53},"end":{"line":270,"column":71}}],"line":270},"27":{"loc":{"start":{"line":271,"column":17},"end":{"line":271,"column":79}},"type":"cond-expr","locations":[{"start":{"line":271,"column":46},"end":{"line":271,"column":58}},{"start":{"line":271,"column":61},"end":{"line":271,"column":79}}],"line":271},"28":{"loc":{"start":{"line":272,"column":18},"end":{"line":272,"column":69}},"type":"cond-expr","locations":[{"start":{"line":272,"column":41},"end":{"line":272,"column":47}},{"start":{"line":272,"column":50},"end":{"line":272,"column":69}}],"line":272},"29":{"loc":{"start":{"line":273,"column":13},"end":{"line":273,"column":69}},"type":"cond-expr","locations":[{"start":{"line":273,"column":41},"end":{"line":273,"column":52}},{"start":{"line":273,"column":55},"end":{"line":273,"column":69}}],"line":273},"30":{"loc":{"start":{"line":274,"column":23},"end":{"line":274,"column":93}},"type":"cond-expr","locations":[{"start":{"line":274,"column":53},"end":{"line":274,"column":66}},{"start":{"line":274,"column":69},"end":{"line":274,"column":93}}],"line":274},"31":{"loc":{"start":{"line":293,"column":4},"end":{"line":295,"column":5}},"type":"if","locations":[{"start":{"line":293,"column":4},"end":{"line":295,"column":5}},{"start":{},"end":{}}],"line":293},"32":{"loc":{"start":{"line":317,"column":4},"end":{"line":319,"column":5}},"type":"if","locations":[{"start":{"line":317,"column":4},"end":{"line":319,"column":5}},{"start":{},"end":{}}],"line":317},"33":{"loc":{"start":{"line":329,"column":23},"end":{"line":329,"column":33}},"type":"default-arg","locations":[{"start":{"line":329,"column":31},"end":{"line":329,"column":33}}],"line":329},"34":{"loc":{"start":{"line":329,"column":35},"end":{"line":329,"column":45}},"type":"default-arg","locations":[{"start":{"line":329,"column":43},"end":{"line":329,"column":45}}],"line":329},"35":{"loc":{"start":{"line":329,"column":47},"end":{"line":329,"column":66}},"type":"default-arg","locations":[{"start":{"line":329,"column":64},"end":{"line":329,"column":66}}],"line":329},"36":{"loc":{"start":{"line":329,"column":68},"end":{"line":329,"column":86}},"type":"default-arg","locations":[{"start":{"line":329,"column":84},"end":{"line":329,"column":86}}],"line":329},"37":{"loc":{"start":{"line":329,"column":88},"end":{"line":329,"column":100}},"type":"default-arg","locations":[{"start":{"line":329,"column":98},"end":{"line":329,"column":100}}],"line":329},"38":{"loc":{"start":{"line":329,"column":102},"end":{"line":329,"column":124}},"type":"default-arg","locations":[{"start":{"line":329,"column":122},"end":{"line":329,"column":124}}],"line":329},"39":{"loc":{"start":{"line":329,"column":126},"end":{"line":329,"column":136}},"type":"default-arg","locations":[{"start":{"line":329,"column":134},"end":{"line":329,"column":136}}],"line":329},"40":{"loc":{"start":{"line":347,"column":4},"end":{"line":347,"column":78}},"type":"if","locations":[{"start":{"line":347,"column":4},"end":{"line":347,"column":78}},{"start":{},"end":{}}],"line":347},"41":{"loc":{"start":{"line":350,"column":14},"end":{"line":350,"column":67}},"type":"cond-expr","locations":[{"start":{"line":350,"column":40},"end":{"line":350,"column":49}},{"start":{"line":350,"column":52},"end":{"line":350,"column":67}}],"line":350},"42":{"loc":{"start":{"line":351,"column":21},"end":{"line":351,"column":73}},"type":"cond-expr","locations":[{"start":{"line":351,"column":43},"end":{"line":351,"column":48}},{"start":{"line":351,"column":51},"end":{"line":351,"column":73}}],"line":351},"43":{"loc":{"start":{"line":352,"column":13},"end":{"line":352,"column":57}},"type":"cond-expr","locations":[{"start":{"line":352,"column":35},"end":{"line":352,"column":40}},{"start":{"line":352,"column":43},"end":{"line":352,"column":57}}],"line":352},"44":{"loc":{"start":{"line":353,"column":15},"end":{"line":353,"column":79}},"type":"cond-expr","locations":[{"start":{"line":353,"column":46},"end":{"line":353,"column":60}},{"start":{"line":353,"column":63},"end":{"line":353,"column":79}}],"line":353},"45":{"loc":{"start":{"line":354,"column":17},"end":{"line":354,"column":81}},"type":"cond-expr","locations":[{"start":{"line":354,"column":47},"end":{"line":354,"column":60}},{"start":{"line":354,"column":63},"end":{"line":354,"column":81}}],"line":354},"46":{"loc":{"start":{"line":355,"column":15},"end":{"line":355,"column":65}},"type":"cond-expr","locations":[{"start":{"line":355,"column":39},"end":{"line":355,"column":46}},{"start":{"line":355,"column":49},"end":{"line":355,"column":65}}],"line":355},"47":{"loc":{"start":{"line":356,"column":24},"end":{"line":356,"column":103}},"type":"cond-expr","locations":[{"start":{"line":356,"column":58},"end":{"line":356,"column":75}},{"start":{"line":356,"column":78},"end":{"line":356,"column":103}}],"line":356},"48":{"loc":{"start":{"line":357,"column":15},"end":{"line":357,"column":61}},"type":"cond-expr","locations":[{"start":{"line":357,"column":37},"end":{"line":357,"column":42}},{"start":{"line":357,"column":45},"end":{"line":357,"column":61}}],"line":357},"49":{"loc":{"start":{"line":390,"column":4},"end":{"line":390,"column":72}},"type":"if","locations":[{"start":{"line":390,"column":4},"end":{"line":390,"column":72}},{"start":{},"end":{}}],"line":390},"50":{"loc":{"start":{"line":391,"column":4},"end":{"line":393,"column":5}},"type":"if","locations":[{"start":{"line":391,"column":4},"end":{"line":393,"column":5}},{"start":{},"end":{}}],"line":391},"51":{"loc":{"start":{"line":397,"column":25},"end":{"line":397,"column":50}},"type":"binary-expr","locations":[{"start":{"line":397,"column":25},"end":{"line":397,"column":45}},{"start":{"line":397,"column":49},"end":{"line":397,"column":50}}],"line":397},"52":{"loc":{"start":{"line":398,"column":4},"end":{"line":400,"column":5}},"type":"if","locations":[{"start":{"line":398,"column":4},"end":{"line":400,"column":5}},{"start":{},"end":{}}],"line":398},"53":{"loc":{"start":{"line":404,"column":4},"end":{"line":406,"column":5}},"type":"if","locations":[{"start":{"line":404,"column":4},"end":{"line":406,"column":5}},{"start":{},"end":{}}],"line":404},"54":{"loc":{"start":{"line":409,"column":4},"end":{"line":411,"column":5}},"type":"if","locations":[{"start":{"line":409,"column":4},"end":{"line":411,"column":5}},{"start":{},"end":{}}],"line":409},"55":{"loc":{"start":{"line":417,"column":60},"end":{"line":417,"column":78}},"type":"cond-expr","locations":[{"start":{"line":417,"column":73},"end":{"line":417,"column":74}},{"start":{"line":417,"column":77},"end":{"line":417,"column":78}}],"line":417},"56":{"loc":{"start":{"line":417,"column":80},"end":{"line":417,"column":93}},"type":"binary-expr","locations":[{"start":{"line":417,"column":80},"end":{"line":417,"column":85}},{"start":{"line":417,"column":89},"end":{"line":417,"column":93}}],"line":417},"57":{"loc":{"start":{"line":417,"column":95},"end":{"line":417,"column":120}},"type":"binary-expr","locations":[{"start":{"line":417,"column":95},"end":{"line":417,"column":112}},{"start":{"line":417,"column":116},"end":{"line":417,"column":120}}],"line":417},"58":{"loc":{"start":{"line":432,"column":4},"end":{"line":432,"column":80}},"type":"if","locations":[{"start":{"line":432,"column":4},"end":{"line":432,"column":80}},{"start":{},"end":{}}],"line":432},"59":{"loc":{"start":{"line":448,"column":4},"end":{"line":448,"column":84}},"type":"if","locations":[{"start":{"line":448,"column":4},"end":{"line":448,"column":84}},{"start":{},"end":{}}],"line":448},"60":{"loc":{"start":{"line":455,"column":4},"end":{"line":457,"column":5}},"type":"if","locations":[{"start":{"line":455,"column":4},"end":{"line":457,"column":5}},{"start":{},"end":{}}],"line":455},"61":{"loc":{"start":{"line":478,"column":32},"end":{"line":478,"column":60}},"type":"binary-expr","locations":[{"start":{"line":478,"column":32},"end":{"line":478,"column":52}},{"start":{"line":478,"column":56},"end":{"line":478,"column":60}}],"line":478},"62":{"loc":{"start":{"line":583,"column":91},"end":{"line":583,"column":124}},"type":"default-arg","locations":[{"start":{"line":583,"column":120},"end":{"line":583,"column":124}}],"line":583},"63":{"loc":{"start":{"line":583,"column":126},"end":{"line":583,"column":154}},"type":"default-arg","locations":[{"start":{"line":583,"column":149},"end":{"line":583,"column":154}}],"line":583},"64":{"loc":{"start":{"line":585,"column":4},"end":{"line":591,"column":5}},"type":"if","locations":[{"start":{"line":585,"column":4},"end":{"line":591,"column":5}},{"start":{},"end":{}}],"line":585},"65":{"loc":{"start":{"line":585,"column":8},"end":{"line":589,"column":73}},"type":"binary-expr","locations":[{"start":{"line":585,"column":8},"end":{"line":585,"column":16}},{"start":{"line":585,"column":20},"end":{"line":585,"column":33}},{"start":{"line":586,"column":8},"end":{"line":586,"column":37}},{"start":{"line":586,"column":41},"end":{"line":586,"column":65}},{"start":{"line":586,"column":69},"end":{"line":586,"column":91}},{"start":{"line":587,"column":8},"end":{"line":587,"column":37}},{"start":{"line":587,"column":41},"end":{"line":587,"column":65}},{"start":{"line":587,"column":69},"end":{"line":587,"column":91}},{"start":{"line":588,"column":8},"end":{"line":588,"column":31}},{"start":{"line":588,"column":35},"end":{"line":588,"column":53}},{"start":{"line":588,"column":57},"end":{"line":588,"column":73}},{"start":{"line":589,"column":8},"end":{"line":589,"column":31}},{"start":{"line":589,"column":35},"end":{"line":589,"column":53}},{"start":{"line":589,"column":57},"end":{"line":589,"column":73}}],"line":585},"66":{"loc":{"start":{"line":593,"column":4},"end":{"line":595,"column":5}},"type":"if","locations":[{"start":{"line":593,"column":4},"end":{"line":595,"column":5}},{"start":{},"end":{}}],"line":593},"67":{"loc":{"start":{"line":596,"column":4},"end":{"line":598,"column":5}},"type":"if","locations":[{"start":{"line":596,"column":4},"end":{"line":598,"column":5}},{"start":{},"end":{}}],"line":596},"68":{"loc":{"start":{"line":616,"column":4},"end":{"line":616,"column":79}},"type":"if","locations":[{"start":{"line":616,"column":4},"end":{"line":616,"column":79}},{"start":{},"end":{}}],"line":616},"69":{"loc":{"start":{"line":619,"column":16},"end":{"line":619,"column":67}},"type":"cond-expr","locations":[{"start":{"line":619,"column":40},"end":{"line":619,"column":47}},{"start":{"line":619,"column":50},"end":{"line":619,"column":67}}],"line":619},"70":{"loc":{"start":{"line":620,"column":19},"end":{"line":620,"column":83}},"type":"cond-expr","locations":[{"start":{"line":620,"column":48},"end":{"line":620,"column":60}},{"start":{"line":620,"column":63},"end":{"line":620,"column":83}}],"line":620},"71":{"loc":{"start":{"line":621,"column":18},"end":{"line":621,"column":87}},"type":"cond-expr","locations":[{"start":{"line":621,"column":50},"end":{"line":621,"column":65}},{"start":{"line":621,"column":68},"end":{"line":621,"column":87}}],"line":621},"72":{"loc":{"start":{"line":622,"column":19},"end":{"line":622,"column":89}},"type":"cond-expr","locations":[{"start":{"line":622,"column":51},"end":{"line":622,"column":66}},{"start":{"line":622,"column":69},"end":{"line":622,"column":89}}],"line":622},"73":{"loc":{"start":{"line":623,"column":18},"end":{"line":623,"column":75}},"type":"cond-expr","locations":[{"start":{"line":623,"column":44},"end":{"line":623,"column":53}},{"start":{"line":623,"column":56},"end":{"line":623,"column":75}}],"line":623},"74":{"loc":{"start":{"line":624,"column":19},"end":{"line":624,"column":77}},"type":"cond-expr","locations":[{"start":{"line":624,"column":45},"end":{"line":624,"column":54}},{"start":{"line":624,"column":57},"end":{"line":624,"column":77}}],"line":624},"75":{"loc":{"start":{"line":625,"column":20},"end":{"line":625,"column":113}},"type":"cond-expr","locations":[{"start":{"line":625,"column":63},"end":{"line":625,"column":89}},{"start":{"line":625,"column":92},"end":{"line":625,"column":113}}],"line":625},"76":{"loc":{"start":{"line":626,"column":20},"end":{"line":626,"column":101}},"type":"cond-expr","locations":[{"start":{"line":626,"column":57},"end":{"line":626,"column":77}},{"start":{"line":626,"column":80},"end":{"line":626,"column":101}}],"line":626},"77":{"loc":{"start":{"line":629,"column":4},"end":{"line":635,"column":5}},"type":"if","locations":[{"start":{"line":629,"column":4},"end":{"line":635,"column":5}},{"start":{},"end":{}}],"line":629},"78":{"loc":{"start":{"line":629,"column":8},"end":{"line":633,"column":103}},"type":"binary-expr","locations":[{"start":{"line":629,"column":8},"end":{"line":629,"column":25}},{"start":{"line":629,"column":29},"end":{"line":629,"column":49}},{"start":{"line":630,"column":8},"end":{"line":630,"column":40}},{"start":{"line":630,"column":44},"end":{"line":630,"column":71}},{"start":{"line":630,"column":75},"end":{"line":630,"column":100}},{"start":{"line":631,"column":8},"end":{"line":631,"column":41}},{"start":{"line":631,"column":45},"end":{"line":631,"column":73}},{"start":{"line":631,"column":77},"end":{"line":631,"column":103}},{"start":{"line":632,"column":8},"end":{"line":632,"column":40}},{"start":{"line":632,"column":44},"end":{"line":632,"column":71}},{"start":{"line":632,"column":75},"end":{"line":632,"column":100}},{"start":{"line":633,"column":8},"end":{"line":633,"column":41}},{"start":{"line":633,"column":45},"end":{"line":633,"column":73}},{"start":{"line":633,"column":77},"end":{"line":633,"column":103}}],"line":629},"79":{"loc":{"start":{"line":637,"column":4},"end":{"line":639,"column":5}},"type":"if","locations":[{"start":{"line":637,"column":4},"end":{"line":639,"column":5}},{"start":{},"end":{}}],"line":637},"80":{"loc":{"start":{"line":640,"column":4},"end":{"line":642,"column":5}},"type":"if","locations":[{"start":{"line":640,"column":4},"end":{"line":642,"column":5}},{"start":{},"end":{}}],"line":640},"81":{"loc":{"start":{"line":694,"column":14},"end":{"line":704,"column":14}},"type":"cond-expr","locations":[{"start":{"line":694,"column":35},"end":{"line":704,"column":7}},{"start":{"line":704,"column":10},"end":{"line":704,"column":14}}],"line":694},"82":{"loc":{"start":{"line":705,"column":21},"end":{"line":715,"column":14}},"type":"cond-expr","locations":[{"start":{"line":705,"column":48},"end":{"line":715,"column":7}},{"start":{"line":715,"column":10},"end":{"line":715,"column":14}}],"line":705},"83":{"loc":{"start":{"line":737,"column":25},"end":{"line":737,"column":135}},"type":"cond-expr","locations":[{"start":{"line":737,"column":54},"end":{"line":737,"column":69}},{"start":{"line":737,"column":73},"end":{"line":737,"column":134}}],"line":737},"84":{"loc":{"start":{"line":737,"column":73},"end":{"line":737,"column":134}},"type":"cond-expr","locations":[{"start":{"line":737,"column":105},"end":{"line":737,"column":114}},{"start":{"line":737,"column":117},"end":{"line":737,"column":134}}],"line":737},"85":{"loc":{"start":{"line":738,"column":34},"end":{"line":738,"column":53}},"type":"binary-expr","locations":[{"start":{"line":738,"column":34},"end":{"line":738,"column":47}},{"start":{"line":738,"column":51},"end":{"line":738,"column":53}}],"line":738},"86":{"loc":{"start":{"line":738,"column":57},"end":{"line":738,"column":74}},"type":"binary-expr","locations":[{"start":{"line":738,"column":57},"end":{"line":738,"column":68}},{"start":{"line":738,"column":72},"end":{"line":738,"column":74}}],"line":738},"87":{"loc":{"start":{"line":738,"column":120},"end":{"line":738,"column":140}},"type":"binary-expr","locations":[{"start":{"line":738,"column":120},"end":{"line":738,"column":135}},{"start":{"line":738,"column":139},"end":{"line":738,"column":140}}],"line":738},"88":{"loc":{"start":{"line":738,"column":144},"end":{"line":738,"column":163}},"type":"binary-expr","locations":[{"start":{"line":738,"column":144},"end":{"line":738,"column":158}},{"start":{"line":738,"column":162},"end":{"line":738,"column":163}}],"line":738},"89":{"loc":{"start":{"line":738,"column":167},"end":{"line":738,"column":186}},"type":"binary-expr","locations":[{"start":{"line":738,"column":167},"end":{"line":738,"column":181}},{"start":{"line":738,"column":185},"end":{"line":738,"column":186}}],"line":738},"90":{"loc":{"start":{"line":738,"column":190},"end":{"line":738,"column":212}},"type":"binary-expr","locations":[{"start":{"line":738,"column":190},"end":{"line":738,"column":207}},{"start":{"line":738,"column":211},"end":{"line":738,"column":212}}],"line":738},"91":{"loc":{"start":{"line":738,"column":216},"end":{"line":738,"column":235}},"type":"binary-expr","locations":[{"start":{"line":738,"column":216},"end":{"line":738,"column":230}},{"start":{"line":738,"column":234},"end":{"line":738,"column":235}}],"line":738},"92":{"loc":{"start":{"line":738,"column":253},"end":{"line":738,"column":278}},"type":"binary-expr","locations":[{"start":{"line":738,"column":253},"end":{"line":738,"column":272}},{"start":{"line":738,"column":276},"end":{"line":738,"column":278}}],"line":738},"93":{"loc":{"start":{"line":763,"column":4},"end":{"line":763,"column":75}},"type":"if","locations":[{"start":{"line":763,"column":4},"end":{"line":763,"column":75}},{"start":{},"end":{}}],"line":763},"94":{"loc":{"start":{"line":777,"column":14},"end":{"line":787,"column":14}},"type":"cond-expr","locations":[{"start":{"line":777,"column":35},"end":{"line":787,"column":7}},{"start":{"line":787,"column":10},"end":{"line":787,"column":14}}],"line":777},"95":{"loc":{"start":{"line":788,"column":21},"end":{"line":798,"column":14}},"type":"cond-expr","locations":[{"start":{"line":788,"column":48},"end":{"line":798,"column":7}},{"start":{"line":798,"column":10},"end":{"line":798,"column":14}}],"line":788},"96":{"loc":{"start":{"line":810,"column":6},"end":{"line":810,"column":22}},"type":"default-arg","locations":[{"start":{"line":810,"column":18},"end":{"line":810,"column":22}}],"line":810},"97":{"loc":{"start":{"line":811,"column":6},"end":{"line":811,"column":29}},"type":"default-arg","locations":[{"start":{"line":811,"column":25},"end":{"line":811,"column":29}}],"line":811},"98":{"loc":{"start":{"line":815,"column":6},"end":{"line":815,"column":26}},"type":"default-arg","locations":[{"start":{"line":815,"column":25},"end":{"line":815,"column":26}}],"line":815},"99":{"loc":{"start":{"line":816,"column":6},"end":{"line":816,"column":20}},"type":"default-arg","locations":[{"start":{"line":816,"column":19},"end":{"line":816,"column":20}}],"line":816},"100":{"loc":{"start":{"line":817,"column":6},"end":{"line":817,"column":20}},"type":"default-arg","locations":[{"start":{"line":817,"column":19},"end":{"line":817,"column":20}}],"line":817},"101":{"loc":{"start":{"line":819,"column":6},"end":{"line":819,"column":24}},"type":"default-arg","locations":[{"start":{"line":819,"column":15},"end":{"line":819,"column":24}}],"line":819},"102":{"loc":{"start":{"line":820,"column":6},"end":{"line":820,"column":21}},"type":"default-arg","locations":[{"start":{"line":820,"column":17},"end":{"line":820,"column":21}}],"line":820},"103":{"loc":{"start":{"line":821,"column":6},"end":{"line":821,"column":18}},"type":"default-arg","locations":[{"start":{"line":821,"column":14},"end":{"line":821,"column":18}}],"line":821},"104":{"loc":{"start":{"line":840,"column":4},"end":{"line":840,"column":79}},"type":"if","locations":[{"start":{"line":840,"column":4},"end":{"line":840,"column":79}},{"start":{},"end":{}}],"line":840},"105":{"loc":{"start":{"line":843,"column":16},"end":{"line":843,"column":67}},"type":"cond-expr","locations":[{"start":{"line":843,"column":40},"end":{"line":843,"column":47}},{"start":{"line":843,"column":50},"end":{"line":843,"column":67}}],"line":843},"106":{"loc":{"start":{"line":844,"column":21},"end":{"line":844,"column":81}},"type":"cond-expr","locations":[{"start":{"line":844,"column":47},"end":{"line":844,"column":56}},{"start":{"line":844,"column":59},"end":{"line":844,"column":81}}],"line":844},"107":{"loc":{"start":{"line":845,"column":27},"end":{"line":845,"column":107}},"type":"cond-expr","locations":[{"start":{"line":845,"column":60},"end":{"line":845,"column":76}},{"start":{"line":845,"column":79},"end":{"line":845,"column":107}}],"line":845},"108":{"loc":{"start":{"line":846,"column":21},"end":{"line":846,"column":89}},"type":"cond-expr","locations":[{"start":{"line":846,"column":51},"end":{"line":846,"column":64}},{"start":{"line":846,"column":67},"end":{"line":846,"column":89}}],"line":846},"109":{"loc":{"start":{"line":847,"column":19},"end":{"line":847,"column":83}},"type":"cond-expr","locations":[{"start":{"line":847,"column":48},"end":{"line":847,"column":60}},{"start":{"line":847,"column":63},"end":{"line":847,"column":83}}],"line":847},"110":{"loc":{"start":{"line":848,"column":18},"end":{"line":848,"column":75}},"type":"cond-expr","locations":[{"start":{"line":848,"column":44},"end":{"line":848,"column":53}},{"start":{"line":848,"column":56},"end":{"line":848,"column":75}}],"line":848},"111":{"loc":{"start":{"line":849,"column":17},"end":{"line":849,"column":87}},"type":"cond-expr","locations":[{"start":{"line":849,"column":50},"end":{"line":849,"column":66}},{"start":{"line":849,"column":69},"end":{"line":849,"column":87}}],"line":849},"112":{"loc":{"start":{"line":850,"column":17},"end":{"line":850,"column":75}},"type":"cond-expr","locations":[{"start":{"line":850,"column":44},"end":{"line":850,"column":54}},{"start":{"line":850,"column":57},"end":{"line":850,"column":75}}],"line":850},"113":{"loc":{"start":{"line":851,"column":20},"end":{"line":851,"column":81}},"type":"cond-expr","locations":[{"start":{"line":851,"column":47},"end":{"line":851,"column":57}},{"start":{"line":851,"column":60},"end":{"line":851,"column":81}}],"line":851},"114":{"loc":{"start":{"line":852,"column":17},"end":{"line":852,"column":79}},"type":"cond-expr","locations":[{"start":{"line":852,"column":46},"end":{"line":852,"column":58}},{"start":{"line":852,"column":61},"end":{"line":852,"column":79}}],"line":852},"115":{"loc":{"start":{"line":853,"column":18},"end":{"line":853,"column":69}},"type":"cond-expr","locations":[{"start":{"line":853,"column":41},"end":{"line":853,"column":47}},{"start":{"line":853,"column":50},"end":{"line":853,"column":69}}],"line":853},"116":{"loc":{"start":{"line":854,"column":22},"end":{"line":854,"column":81}},"type":"cond-expr","locations":[{"start":{"line":854,"column":47},"end":{"line":854,"column":55}},{"start":{"line":854,"column":58},"end":{"line":854,"column":81}}],"line":854},"117":{"loc":{"start":{"line":855,"column":23},"end":{"line":855,"column":85}},"type":"cond-expr","locations":[{"start":{"line":855,"column":49},"end":{"line":855,"column":58}},{"start":{"line":855,"column":61},"end":{"line":855,"column":85}}],"line":855},"118":{"loc":{"start":{"line":856,"column":15},"end":{"line":856,"column":61}},"type":"cond-expr","locations":[{"start":{"line":856,"column":37},"end":{"line":856,"column":42}},{"start":{"line":856,"column":45},"end":{"line":856,"column":61}}],"line":856},"119":{"loc":{"start":{"line":939,"column":14},"end":{"line":949,"column":14}},"type":"cond-expr","locations":[{"start":{"line":939,"column":35},"end":{"line":949,"column":7}},{"start":{"line":949,"column":10},"end":{"line":949,"column":14}}],"line":939},"120":{"loc":{"start":{"line":970,"column":4},"end":{"line":970,"column":82}},"type":"if","locations":[{"start":{"line":970,"column":4},"end":{"line":970,"column":82}},{"start":{},"end":{}}],"line":970},"121":{"loc":{"start":{"line":984,"column":14},"end":{"line":994,"column":14}},"type":"cond-expr","locations":[{"start":{"line":984,"column":35},"end":{"line":994,"column":7}},{"start":{"line":994,"column":10},"end":{"line":994,"column":14}}],"line":984},"122":{"loc":{"start":{"line":1004,"column":21},"end":{"line":1004,"column":37}},"type":"default-arg","locations":[{"start":{"line":1004,"column":33},"end":{"line":1004,"column":37}}],"line":1004},"123":{"loc":{"start":{"line":1004,"column":46},"end":{"line":1004,"column":62}},"type":"default-arg","locations":[{"start":{"line":1004,"column":60},"end":{"line":1004,"column":62}}],"line":1004},"124":{"loc":{"start":{"line":1004,"column":64},"end":{"line":1004,"column":83}},"type":"default-arg","locations":[{"start":{"line":1004,"column":75},"end":{"line":1004,"column":83}}],"line":1004},"125":{"loc":{"start":{"line":1004,"column":85},"end":{"line":1004,"column":99}},"type":"default-arg","locations":[{"start":{"line":1004,"column":94},"end":{"line":1004,"column":99}}],"line":1004},"126":{"loc":{"start":{"line":1004,"column":101},"end":{"line":1004,"column":119}},"type":"default-arg","locations":[{"start":{"line":1004,"column":115},"end":{"line":1004,"column":119}}],"line":1004},"127":{"loc":{"start":{"line":1006,"column":4},"end":{"line":1011,"column":5}},"type":"if","locations":[{"start":{"line":1006,"column":4},"end":{"line":1011,"column":5}},{"start":{},"end":{}}],"line":1006},"128":{"loc":{"start":{"line":1008,"column":6},"end":{"line":1010,"column":7}},"type":"if","locations":[{"start":{"line":1008,"column":6},"end":{"line":1010,"column":7}},{"start":{},"end":{}}],"line":1008},"129":{"loc":{"start":{"line":1029,"column":4},"end":{"line":1029,"column":86}},"type":"if","locations":[{"start":{"line":1029,"column":4},"end":{"line":1029,"column":86}},{"start":{},"end":{}}],"line":1029},"130":{"loc":{"start":{"line":1032,"column":4},"end":{"line":1034,"column":5}},"type":"if","locations":[{"start":{"line":1032,"column":4},"end":{"line":1034,"column":5}},{"start":{},"end":{}}],"line":1032},"131":{"loc":{"start":{"line":1032,"column":8},"end":{"line":1032,"column":83}},"type":"binary-expr","locations":[{"start":{"line":1032,"column":8},"end":{"line":1032,"column":29}},{"start":{"line":1032,"column":33},"end":{"line":1032,"column":67}},{"start":{"line":1032,"column":71},"end":{"line":1032,"column":83}}],"line":1032},"132":{"loc":{"start":{"line":1037,"column":16},"end":{"line":1037,"column":67}},"type":"cond-expr","locations":[{"start":{"line":1037,"column":40},"end":{"line":1037,"column":47}},{"start":{"line":1037,"column":50},"end":{"line":1037,"column":67}}],"line":1037},"133":{"loc":{"start":{"line":1038,"column":21},"end":{"line":1038,"column":81}},"type":"cond-expr","locations":[{"start":{"line":1038,"column":47},"end":{"line":1038,"column":56}},{"start":{"line":1038,"column":59},"end":{"line":1038,"column":81}}],"line":1038},"134":{"loc":{"start":{"line":1039,"column":15},"end":{"line":1039,"column":61}},"type":"cond-expr","locations":[{"start":{"line":1039,"column":37},"end":{"line":1039,"column":42}},{"start":{"line":1039,"column":45},"end":{"line":1039,"column":61}}],"line":1039},"135":{"loc":{"start":{"line":1040,"column":13},"end":{"line":1040,"column":69}},"type":"cond-expr","locations":[{"start":{"line":1040,"column":41},"end":{"line":1040,"column":52}},{"start":{"line":1040,"column":55},"end":{"line":1040,"column":69}}],"line":1040},"136":{"loc":{"start":{"line":1041,"column":22},"end":{"line":1041,"column":81}},"type":"cond-expr","locations":[{"start":{"line":1041,"column":47},"end":{"line":1041,"column":55}},{"start":{"line":1041,"column":58},"end":{"line":1041,"column":81}}],"line":1041},"137":{"loc":{"start":{"line":1042,"column":18},"end":{"line":1042,"column":69}},"type":"cond-expr","locations":[{"start":{"line":1042,"column":41},"end":{"line":1042,"column":47}},{"start":{"line":1042,"column":50},"end":{"line":1042,"column":69}}],"line":1042},"138":{"loc":{"start":{"line":1043,"column":19},"end":{"line":1043,"column":81}},"type":"cond-expr","locations":[{"start":{"line":1043,"column":47},"end":{"line":1043,"column":58}},{"start":{"line":1043,"column":61},"end":{"line":1043,"column":81}}],"line":1043},"139":{"loc":{"start":{"line":1044,"column":26},"end":{"line":1044,"column":105}},"type":"cond-expr","locations":[{"start":{"line":1044,"column":59},"end":{"line":1044,"column":75}},{"start":{"line":1044,"column":78},"end":{"line":1044,"column":105}}],"line":1044},"140":{"loc":{"start":{"line":1045,"column":23},"end":{"line":1045,"column":97}},"type":"cond-expr","locations":[{"start":{"line":1045,"column":55},"end":{"line":1045,"column":70}},{"start":{"line":1045,"column":73},"end":{"line":1045,"column":97}}],"line":1045},"141":{"loc":{"start":{"line":1072,"column":0},"end":{"line":1076,"column":1}},"type":"if","locations":[{"start":{"line":1072,"column":0},"end":{"line":1076,"column":1}},{"start":{},"end":{}}],"line":1072}},"s":{"0":1,"1":1,"2":1,"3":1,"4":1,"5":9,"6":1,"7":7,"8":0,"9":7,"10":1,"11":7,"12":0,"13":7,"14":1,"15":2,"16":0,"17":2,"18":1,"19":6,"20":0,"21":6,"22":1,"23":5,"24":0,"25":5,"26":1,"27":5,"28":0,"29":5,"30":1,"31":1,"32":1,"33":1,"34":1,"35":4,"36":12,"37":3,"38":4,"39":1,"40":4,"41":3,"42":4,"43":4,"44":4,"45":1,"46":0,"47":0,"48":1,"49":2,"50":2,"51":2,"52":1,"53":1,"54":1,"55":1,"56":1,"57":0,"58":1,"59":1,"60":0,"61":1,"62":1,"63":1,"64":1,"65":1,"66":1,"67":1,"68":0,"69":1,"70":2,"71":2,"72":2,"73":2,"74":1,"75":1,"76":1,"77":1,"78":1,"79":0,"80":1,"81":2,"82":2,"83":2,"84":1,"85":1,"86":1,"87":0,"88":1,"89":1,"90":1,"91":1,"92":0,"93":1,"94":2,"95":2,"96":2,"97":1,"98":1,"99":0,"100":1,"101":2,"102":2,"103":2,"104":2,"105":2,"106":2,"107":0,"108":1,"109":2,"110":2,"111":2,"112":2,"113":1,"114":1,"115":1,"116":1,"117":1,"118":0,"119":1,"120":1,"121":1,"122":1,"123":0,"124":1,"125":1,"126":1,"127":1,"128":1,"129":0,"130":1,"131":0,"132":1,"133":1,"134":1,"135":0,"136":1,"137":1,"138":0,"139":1,"140":1,"141":1,"142":1,"143":1,"144":1,"145":1,"146":0,"147":1,"148":1,"149":1,"150":1,"151":0,"152":1,"153":1,"154":1,"155":0,"156":1,"157":1,"158":1,"159":1,"160":0,"161":1,"162":1,"163":1,"164":1,"165":1,"166":1,"167":0,"168":1,"169":1,"170":1,"171":1,"172":1,"173":1,"174":0,"175":1,"176":1,"177":1,"178":1,"179":1,"180":1,"181":1,"182":1,"183":1,"184":1,"185":0,"186":1,"187":0,"188":1,"189":1,"190":1,"191":1,"192":2,"193":1,"194":0,"195":1,"196":1,"197":1,"198":1,"199":0,"200":1,"201":1,"202":1,"203":1,"204":0,"205":1,"206":2,"207":2,"208":2,"209":2,"210":0,"211":2,"212":1,"213":1,"214":0,"215":1,"216":1,"217":1,"218":0,"219":1,"220":1,"221":1,"222":1,"223":1,"224":0,"225":1,"226":1,"227":0,"228":1,"229":0,"230":1,"231":0,"232":1,"233":1,"234":1,"235":0,"236":1,"237":1,"238":1,"239":1,"240":0,"241":1,"242":1,"243":1,"244":1,"245":2,"246":1,"247":0,"248":1,"249":1,"250":1,"251":1,"252":1,"253":2,"254":2,"255":1,"256":1,"257":1,"258":0,"259":1,"260":1,"261":1,"262":1,"263":0,"264":1,"265":0,"266":1,"267":1,"268":1,"269":1,"270":1,"271":1,"272":1,"273":0,"274":1,"275":0,"276":0,"277":0,"278":0,"279":0,"280":0,"281":0,"282":0,"283":0,"284":0,"285":1,"286":1,"287":1,"288":1,"289":0,"290":1,"291":1,"292":1,"293":1,"294":1,"295":0,"296":1,"297":1,"298":1,"299":1,"300":1,"301":1,"302":0,"303":1,"304":1,"305":1,"306":1,"307":2,"308":1,"309":0,"310":1,"311":1,"312":1,"313":1,"314":0,"315":1,"316":0,"317":1,"318":2,"319":2,"320":2,"321":2,"322":2,"323":2,"324":1,"325":1,"326":1,"327":1,"328":0,"329":1,"330":1,"331":1,"332":1,"333":1,"334":0,"335":1,"336":1,"337":1,"338":1,"339":1,"340":1,"341":1,"342":0,"343":1,"344":1,"345":1,"346":1,"347":0,"348":1,"349":0,"350":0},"f":{"0":9,"1":7,"2":7,"3":2,"4":6,"5":5,"6":5,"7":1,"8":4,"9":12,"10":3,"11":1,"12":3,"13":2,"14":1,"15":0,"16":1,"17":2,"18":2,"19":1,"20":2,"21":2,"22":2,"23":1,"24":1,"25":1,"26":1,"27":1,"28":1,"29":0,"30":1,"31":2,"32":1,"33":1,"34":2,"35":1,"36":1,"37":1,"38":2,"39":1,"40":2,"41":1,"42":1,"43":0,"44":1,"45":1,"46":1,"47":1,"48":2,"49":1,"50":2,"51":1,"52":1,"53":0},"b":{"0":[1,1],"1":[0,7],"2":[0,7],"3":[0,2],"4":[0,6],"5":[0,5],"6":[0,5],"7":[1,0],"8":[0,1],"9":[4,2],"10":[4,2],"11":[1,1],"12":[0,0],"13":[0,0],"14":[1,0],"15":[1,0],"16":[1,0],"17":[0],"18":[0],"19":[0],"20":[1],"21":[0],"22":[0],"23":[1,1],"24":[0,1],"25":[0,1],"26":[0,1],"27":[0,1],"28":[0,1],"29":[1,0],"30":[0,1],"31":[1,1],"32":[1,1],"33":[0],"34":[0],"35":[0],"36":[2],"37":[1],"38":[2],"39":[2],"40":[1,1],"41":[1,0],"42":[0,1],"43":[0,1],"44":[0,1],"45":[0,1],"46":[0,1],"47":[0,1],"48":[0,1],"49":[0,1],"50":[0,1],"51":[1,0],"52":[0,1],"53":[0,1],"54":[1,0],"55":[1,0],"56":[1,0],"57":[1,0],"58":[0,1],"59":[0,1],"60":[1,0],"61":[1,0],"62":[0],"63":[0],"64":[0,2],"65":[2,2,2,2,2,2,2,2,2,2,2,2,2,2],"66":[1,1],"67":[0,1],"68":[0,1],"69":[0,1],"70":[0,1],"71":[0,1],"72":[1,0],"73":[0,1],"74":[1,0],"75":[0,1],"76":[0,1],"77":[0,1],"78":[1,1,1,1,1,1,1,1,1,1,1,1,1,1],"79":[0,1],"80":[0,1],"81":[2,0],"82":[2,0],"83":[1,1],"84":[0,1],"85":[2,0],"86":[2,0],"87":[2,0],"88":[2,0],"89":[2,0],"90":[2,0],"91":[2,0],"92":[2,0],"93":[0,1],"94":[1,0],"95":[1,0],"96":[0],"97":[1],"98":[0],"99":[0],"100":[0],"101":[0],"102":[0],"103":[1],"104":[0,0],"105":[0,0],"106":[0,0],"107":[0,0],"108":[0,0],"109":[0,0],"110":[0,0],"111":[0,0],"112":[0,0],"113":[0,0],"114":[0,0],"115":[0,0],"116":[0,0],"117":[0,0],"118":[0,0],"119":[2,0],"120":[0,1],"121":[1,0],"122":[0],"123":[0],"124":[0],"125":[0],"126":[2],"127":[2,0],"128":[1,1],"129":[0,1],"130":[1,0],"131":[1,1,1],"132":[0,1],"133":[0,1],"134":[0,1],"135":[0,1],"136":[0,1],"137":[1,0],"138":[0,1],"139":[1,0],"140":[1,0],"141":[0,1]},"inputSourceMap":null,"_coverageSchema":"1a1c01bbd47fc00a2c39e90264f33305004495a9","hash":"264b18cf118fd23d53e199dd9829913be0f6ea46"}
}
