TN:
SF:db.js
FN:12,(anonymous_0)
FN:17,(anonymous_1)
FN:29,(anonymous_2)
FN:30,(anonymous_3)
FN:31,(anonymous_4)
FN:39,(anonymous_5)
FN:40,(anonymous_6)
FN:41,(anonymous_7)
FN:48,(anonymous_8)
FN:49,(anonymous_9)
FN:50,(anonymous_10)
FN:57,(anonymous_11)
FN:58,(anonymous_12)
FN:59,(anonymous_13)
FN:66,(anonymous_14)
FN:67,(anonymous_15)
FN:68,(anonymous_16)
FN:76,initDatabase
FN:77,(anonymous_18)
FN:78,(anonymous_19)
FN:207,(anonymous_20)
FN:220,seedSampleData
FN:221,(anonymous_22)
FN:259,(anonymous_23)
FN:261,(anonymous_24)
FN:265,(anonymous_25)
FN:269,(anonymous_26)
FN:273,(anonymous_27)
FN:277,(anonymous_28)
FN:281,(anonymous_29)
FN:284,(anonymous_30)
FNF:31
FNH:28
FNDA:1,(anonymous_0)
FNDA:1,(anonymous_1)
FNDA:1,(anonymous_2)
FNDA:1,(anonymous_3)
FNDA:1,(anonymous_4)
FNDA:14,(anonymous_5)
FNDA:14,(anonymous_6)
FNDA:14,(anonymous_7)
FNDA:32,(anonymous_8)
FNDA:32,(anonymous_9)
FNDA:32,(anonymous_10)
FNDA:31,(anonymous_11)
FNDA:31,(anonymous_12)
FNDA:31,(anonymous_13)
FNDA:0,(anonymous_14)
FNDA:0,(anonymous_15)
FNDA:0,(anonymous_16)
FNDA:1,initDatabase
FNDA:1,(anonymous_18)
FNDA:1,(anonymous_19)
FNDA:1,(anonymous_20)
FNDA:1,seedSampleData
FNDA:1,(anonymous_22)
FNDA:1,(anonymous_23)
FNDA:4,(anonymous_24)
FNDA:3,(anonymous_25)
FNDA:3,(anonymous_26)
FNDA:2,(anonymous_27)
FNDA:2,(anonymous_28)
FNDA:2,(anonymous_29)
FNDA:1,(anonymous_30)
DA:5,1
DA:6,1
DA:7,1
DA:8,1
DA:12,1
DA:13,1
DA:14,1
DA:17,1
DA:18,1
DA:19,0
DA:20,0
DA:22,1
DA:23,0
DA:25,1
DA:29,1
DA:30,1
DA:31,1
DA:32,1
DA:33,1
DA:39,1
DA:40,14
DA:41,14
DA:42,14
DA:43,14
DA:48,1
DA:49,32
DA:50,32
DA:51,32
DA:52,32
DA:57,1
DA:58,31
DA:59,31
DA:60,31
DA:61,31
DA:66,1
DA:67,0
DA:68,0
DA:69,0
DA:77,1
DA:78,1
DA:80,1
DA:83,1
DA:99,1
DA:116,1
DA:134,1
DA:151,1
DA:175,1
DA:194,1
DA:195,1
DA:196,1
DA:197,1
DA:198,1
DA:199,1
DA:200,1
DA:201,1
DA:202,1
DA:203,1
DA:204,1
DA:207,1
DA:208,1
DA:209,0
DA:210,1
DA:211,1
DA:213,0
DA:221,1
DA:222,1
DA:223,0
DA:225,1
DA:232,1
DA:238,1
DA:244,1
DA:249,1
DA:254,1
DA:259,1
DA:260,1
DA:261,4
DA:262,1
DA:264,1
DA:265,3
DA:266,1
DA:268,1
DA:269,3
DA:270,1
DA:272,1
DA:273,2
DA:274,1
DA:276,1
DA:277,2
DA:278,1
DA:280,1
DA:281,2
DA:282,1
DA:284,1
DA:285,1
DA:286,0
DA:288,1
DA:289,0
DA:291,1
LF:98
LH:87
BRDA:8,0,0,1
BRDA:8,0,1,0
BRDA:18,1,0,0
BRDA:18,1,1,1
BRDA:22,2,0,0
BRDA:22,2,1,1
BRDA:32,3,0,0
BRDA:32,3,1,1
BRDA:39,4,0,7
BRDA:42,5,0,0
BRDA:42,5,1,14
BRDA:48,6,0,0
BRDA:51,7,0,0
BRDA:51,7,1,32
BRDA:52,8,0,32
BRDA:52,8,1,6
BRDA:57,9,0,0
BRDA:60,10,0,0
BRDA:60,10,1,31
BRDA:208,11,0,0
BRDA:208,11,1,1
BRDA:210,12,0,1
BRDA:210,12,1,0
BRDA:210,13,0,1
BRDA:210,13,1,1
BRDA:222,14,0,0
BRDA:222,14,1,1
BRDA:285,15,0,0
BRDA:285,15,1,1
BRDA:288,16,0,0
BRDA:288,16,1,1
BRF:31
BRH:17
end_of_record
TN:
SF:server.js
FN:13,(anonymous_0)
FN:16,(anonymous_1)
FN:32,(anonymous_2)
FN:49,(anonymous_3)
FN:67,(anonymous_4)
FN:84,(anonymous_5)
FN:107,(anonymous_6)
FN:127,(anonymous_7)
FN:140,(anonymous_8)
FN:142,(anonymous_9)
FN:143,(anonymous_10)
FN:168,(anonymous_11)
FN:169,(anonymous_12)
FN:189,(anonymous_13)
FN:203,(anonymous_14)
FN:227,(anonymous_15)
FN:241,(anonymous_16)
FN:258,(anonymous_17)
FN:290,(anonymous_18)
FN:305,(anonymous_19)
FN:314,(anonymous_20)
FN:326,(anonymous_21)
FN:343,(anonymous_22)
FN:373,(anonymous_23)
FN:384,(anonymous_24)
FN:435,(anonymous_25)
FN:451,(anonymous_26)
FN:471,(anonymous_27)
FN:482,(anonymous_28)
FN:506,(anonymous_29)
FN:539,(anonymous_30)
FN:548,(anonymous_31)
FN:568,(anonymous_32)
FN:577,(anonymous_33)
FN:586,(anonymous_34)
FN:618,(anonymous_35)
FN:663,(anonymous_36)
FN:674,(anonymous_37)
FN:688,(anonymous_38)
FN:730,(anonymous_39)
FN:742,(anonymous_40)
FN:755,(anonymous_41)
FN:811,(anonymous_42)
FN:842,(anonymous_43)
FN:878,(anonymous_44)
FN:887,(anonymous_45)
FN:903,(anonymous_46)
FN:921,(anonymous_47)
FN:933,(anonymous_48)
FN:964,(anonymous_49)
FN:1007,(anonymous_50)
FN:1031,(anonymous_51)
FN:1067,(anonymous_52)
FN:1079,(anonymous_53)
FNF:54
FNH:50
FNDA:9,(anonymous_0)
FNDA:7,(anonymous_1)
FNDA:7,(anonymous_2)
FNDA:2,(anonymous_3)
FNDA:6,(anonymous_4)
FNDA:5,(anonymous_5)
FNDA:5,(anonymous_6)
FNDA:1,(anonymous_7)
FNDA:4,(anonymous_8)
FNDA:12,(anonymous_9)
FNDA:3,(anonymous_10)
FNDA:1,(anonymous_11)
FNDA:3,(anonymous_12)
FNDA:2,(anonymous_13)
FNDA:1,(anonymous_14)
FNDA:0,(anonymous_15)
FNDA:1,(anonymous_16)
FNDA:2,(anonymous_17)
FNDA:2,(anonymous_18)
FNDA:1,(anonymous_19)
FNDA:2,(anonymous_20)
FNDA:2,(anonymous_21)
FNDA:2,(anonymous_22)
FNDA:1,(anonymous_23)
FNDA:1,(anonymous_24)
FNDA:1,(anonymous_25)
FNDA:1,(anonymous_26)
FNDA:1,(anonymous_27)
FNDA:1,(anonymous_28)
FNDA:0,(anonymous_29)
FNDA:1,(anonymous_30)
FNDA:2,(anonymous_31)
FNDA:1,(anonymous_32)
FNDA:1,(anonymous_33)
FNDA:2,(anonymous_34)
FNDA:1,(anonymous_35)
FNDA:1,(anonymous_36)
FNDA:1,(anonymous_37)
FNDA:2,(anonymous_38)
FNDA:1,(anonymous_39)
FNDA:2,(anonymous_40)
FNDA:1,(anonymous_41)
FNDA:1,(anonymous_42)
FNDA:0,(anonymous_43)
FNDA:1,(anonymous_44)
FNDA:1,(anonymous_45)
FNDA:1,(anonymous_46)
FNDA:1,(anonymous_47)
FNDA:2,(anonymous_48)
FNDA:1,(anonymous_49)
FNDA:2,(anonymous_50)
FNDA:1,(anonymous_51)
FNDA:1,(anonymous_52)
FNDA:0,(anonymous_53)
DA:6,1
DA:7,1
DA:9,1
DA:10,1
DA:13,9
DA:16,1
DA:17,7
DA:18,7
DA:32,1
DA:33,7
DA:34,7
DA:49,1
DA:50,2
DA:51,2
DA:67,1
DA:68,6
DA:69,6
DA:84,1
DA:85,5
DA:86,5
DA:107,1
DA:108,5
DA:109,5
DA:127,1
DA:128,1
DA:129,1
DA:132,1
DA:140,1
DA:141,4
DA:142,12
DA:143,3
DA:168,4
DA:169,4
DA:170,4
DA:171,4
DA:173,4
DA:182,1
DA:184,0
DA:185,0
DA:189,1
DA:190,2
DA:191,2
DA:192,2
DA:193,1
DA:196,1
DA:203,1
DA:227,1
DA:228,1
DA:230,1
DA:237,0
DA:241,1
DA:242,1
DA:243,1
DA:244,1
DA:246,1
DA:251,1
DA:252,1
DA:254,0
DA:258,1
DA:259,2
DA:260,2
DA:262,2
DA:263,2
DA:264,1
DA:267,1
DA:277,1
DA:283,1
DA:284,1
DA:286,0
DA:290,1
DA:291,2
DA:292,2
DA:293,2
DA:294,1
DA:296,1
DA:297,1
DA:299,0
DA:305,1
DA:306,1
DA:307,1
DA:308,1
DA:310,0
DA:314,1
DA:315,2
DA:316,2
DA:317,2
DA:318,1
DA:320,1
DA:322,0
DA:326,1
DA:327,2
DA:328,2
DA:329,2
DA:331,2
DA:336,2
DA:337,2
DA:339,0
DA:343,1
DA:344,2
DA:345,2
DA:346,2
DA:347,2
DA:349,1
DA:360,1
DA:366,1
DA:367,1
DA:369,0
DA:373,1
DA:374,1
DA:375,1
DA:376,1
DA:378,0
DA:384,1
DA:385,1
DA:386,1
DA:389,1
DA:390,1
DA:391,1
DA:392,0
DA:396,1
DA:397,1
DA:398,1
DA:399,0
DA:403,1
DA:404,1
DA:405,0
DA:409,1
DA:410,1
DA:411,0
DA:415,1
DA:416,1
DA:419,1
DA:420,1
DA:426,1
DA:428,1
DA:429,1
DA:431,0
DA:435,1
DA:436,1
DA:437,1
DA:438,1
DA:441,1
DA:443,1
DA:445,1
DA:447,0
DA:451,1
DA:452,1
DA:453,1
DA:454,1
DA:456,1
DA:457,1
DA:460,1
DA:461,1
DA:462,1
DA:465,1
DA:467,0
DA:471,1
DA:472,1
DA:473,1
DA:474,1
DA:475,1
DA:476,1
DA:478,0
DA:482,1
DA:483,1
DA:484,1
DA:485,1
DA:486,1
DA:487,1
DA:489,1
DA:490,1
DA:492,1
DA:506,1
DA:531,1
DA:533,0
DA:539,1
DA:540,1
DA:541,1
DA:548,2
DA:562,1
DA:564,0
DA:568,1
DA:569,1
DA:570,1
DA:571,1
DA:573,0
DA:577,1
DA:578,1
DA:579,1
DA:580,1
DA:582,0
DA:586,1
DA:587,2
DA:588,2
DA:589,2
DA:591,2
DA:596,0
DA:599,2
DA:600,1
DA:602,1
DA:603,0
DA:606,1
DA:611,1
DA:612,1
DA:614,0
DA:618,1
DA:619,1
DA:620,1
DA:621,1
DA:622,1
DA:624,1
DA:635,1
DA:640,0
DA:643,1
DA:644,0
DA:646,1
DA:647,0
DA:650,1
DA:656,1
DA:657,1
DA:659,0
DA:663,1
DA:664,1
DA:665,1
DA:666,1
DA:668,0
DA:674,1
DA:675,1
DA:676,1
DA:688,2
DA:724,1
DA:726,0
DA:730,1
DA:731,1
DA:732,1
DA:740,1
DA:742,1
DA:743,2
DA:744,2
DA:747,1
DA:748,1
DA:749,1
DA:751,0
DA:755,1
DA:756,1
DA:757,1
DA:769,1
DA:771,1
DA:807,0
DA:811,1
DA:812,1
DA:813,1
DA:828,1
DA:830,1
DA:835,1
DA:836,1
DA:838,0
DA:842,1
DA:843,0
DA:844,0
DA:845,0
DA:846,0
DA:848,0
DA:865,0
DA:871,0
DA:872,0
DA:874,0
DA:878,1
DA:879,1
DA:880,1
DA:881,1
DA:883,0
DA:887,1
DA:888,1
DA:889,1
DA:890,1
DA:897,1
DA:899,0
DA:903,1
DA:904,1
DA:905,1
DA:906,1
DA:912,1
DA:913,1
DA:915,0
DA:921,1
DA:922,1
DA:923,1
DA:933,2
DA:958,1
DA:960,0
DA:964,1
DA:965,1
DA:966,1
DA:976,1
DA:978,1
DA:1003,0
DA:1007,1
DA:1008,2
DA:1009,2
DA:1010,2
DA:1012,2
DA:1013,2
DA:1014,2
DA:1015,1
DA:1019,1
DA:1024,1
DA:1025,1
DA:1027,0
DA:1031,1
DA:1032,1
DA:1033,1
DA:1034,1
DA:1035,1
DA:1037,1
DA:1038,1
DA:1039,1
DA:1042,1
DA:1054,1
DA:1060,1
DA:1061,1
DA:1063,0
DA:1067,1
DA:1068,1
DA:1069,1
DA:1070,1
DA:1072,0
DA:1078,1
DA:1079,0
DA:1080,0
LF:330
LH:276
BRDA:7,0,0,1
BRDA:7,0,1,1
BRDA:17,1,0,0
BRDA:17,1,1,7
BRDA:33,2,0,0
BRDA:33,2,1,7
BRDA:50,3,0,0
BRDA:50,3,1,2
BRDA:68,4,0,0
BRDA:68,4,1,6
BRDA:85,5,0,0
BRDA:85,5,1,5
BRDA:108,6,0,0
BRDA:108,6,1,5
BRDA:168,7,0,1
BRDA:168,7,1,0
BRDA:168,8,0,0
BRDA:168,8,1,1
BRDA:175,9,0,4
BRDA:175,9,1,2
BRDA:176,10,0,4
BRDA:176,10,1,2
BRDA:192,11,0,1
BRDA:192,11,1,1
BRDA:227,12,0,0
BRDA:227,12,1,0
BRDA:227,13,0,0
BRDA:227,13,1,0
BRDA:228,14,0,1
BRDA:228,14,1,0
BRDA:232,15,0,1
BRDA:232,15,1,0
BRDA:233,16,0,1
BRDA:233,16,1,0
BRDA:244,17,0,0
BRDA:244,18,0,0
BRDA:244,19,0,0
BRDA:244,20,0,1
BRDA:244,21,0,0
BRDA:244,22,0,0
BRDA:263,23,0,1
BRDA:263,23,1,1
BRDA:268,24,0,0
BRDA:268,24,1,1
BRDA:269,25,0,0
BRDA:269,25,1,1
BRDA:270,26,0,0
BRDA:270,26,1,1
BRDA:271,27,0,0
BRDA:271,27,1,1
BRDA:272,28,0,0
BRDA:272,28,1,1
BRDA:273,29,0,1
BRDA:273,29,1,0
BRDA:274,30,0,0
BRDA:274,30,1,1
BRDA:293,31,0,1
BRDA:293,31,1,1
BRDA:317,32,0,1
BRDA:317,32,1,1
BRDA:329,33,0,0
BRDA:329,34,0,0
BRDA:329,35,0,0
BRDA:329,36,0,2
BRDA:329,37,0,1
BRDA:329,38,0,2
BRDA:329,39,0,2
BRDA:347,40,0,1
BRDA:347,40,1,1
BRDA:350,41,0,1
BRDA:350,41,1,0
BRDA:351,42,0,0
BRDA:351,42,1,1
BRDA:352,43,0,0
BRDA:352,43,1,1
BRDA:353,44,0,0
BRDA:353,44,1,1
BRDA:354,45,0,0
BRDA:354,45,1,1
BRDA:355,46,0,0
BRDA:355,46,1,1
BRDA:356,47,0,0
BRDA:356,47,1,1
BRDA:357,48,0,0
BRDA:357,48,1,1
BRDA:390,49,0,0
BRDA:390,49,1,1
BRDA:391,50,0,0
BRDA:391,50,1,1
BRDA:397,51,0,1
BRDA:397,51,1,0
BRDA:398,52,0,0
BRDA:398,52,1,1
BRDA:404,53,0,0
BRDA:404,53,1,1
BRDA:410,54,0,0
BRDA:410,54,1,1
BRDA:415,55,0,1
BRDA:415,55,1,0
BRDA:423,56,0,1
BRDA:423,56,1,0
BRDA:423,57,0,1
BRDA:423,57,1,0
BRDA:423,58,0,1
BRDA:423,58,1,0
BRDA:438,59,0,0
BRDA:438,59,1,1
BRDA:454,60,0,0
BRDA:454,60,1,1
BRDA:461,61,0,1
BRDA:461,61,1,0
BRDA:484,62,0,1
BRDA:484,62,1,0
BRDA:589,63,0,0
BRDA:589,64,0,0
BRDA:591,65,0,0
BRDA:591,65,1,2
BRDA:591,66,0,2
BRDA:591,66,1,2
BRDA:591,66,2,2
BRDA:591,66,3,2
BRDA:591,66,4,2
BRDA:591,66,5,2
BRDA:591,66,6,2
BRDA:591,66,7,2
BRDA:591,66,8,2
BRDA:591,66,9,2
BRDA:591,66,10,2
BRDA:591,66,11,2
BRDA:591,66,12,2
BRDA:591,66,13,2
BRDA:599,67,0,1
BRDA:599,67,1,1
BRDA:602,68,0,0
BRDA:602,68,1,1
BRDA:622,69,0,0
BRDA:622,69,1,1
BRDA:625,70,0,0
BRDA:625,70,1,1
BRDA:626,71,0,0
BRDA:626,71,1,1
BRDA:627,72,0,0
BRDA:627,72,1,1
BRDA:628,73,0,1
BRDA:628,73,1,0
BRDA:629,74,0,0
BRDA:629,74,1,1
BRDA:630,75,0,1
BRDA:630,75,1,0
BRDA:631,76,0,0
BRDA:631,76,1,1
BRDA:632,77,0,0
BRDA:632,77,1,1
BRDA:635,78,0,0
BRDA:635,78,1,1
BRDA:635,79,0,1
BRDA:635,79,1,1
BRDA:635,79,2,1
BRDA:635,79,3,1
BRDA:635,79,4,1
BRDA:635,79,5,1
BRDA:635,79,6,1
BRDA:635,79,7,1
BRDA:635,79,8,1
BRDA:635,79,9,1
BRDA:635,79,10,1
BRDA:635,79,11,1
BRDA:635,79,12,1
BRDA:635,79,13,1
BRDA:643,80,0,0
BRDA:643,80,1,1
BRDA:646,81,0,0
BRDA:646,81,1,1
BRDA:700,82,0,2
BRDA:700,82,1,0
BRDA:711,83,0,2
BRDA:711,83,1,0
BRDA:743,84,0,1
BRDA:743,84,1,1
BRDA:743,85,0,0
BRDA:743,85,1,1
BRDA:744,86,0,2
BRDA:744,86,1,0
BRDA:744,87,0,2
BRDA:744,87,1,0
BRDA:744,88,0,2
BRDA:744,88,1,0
BRDA:744,89,0,2
BRDA:744,89,1,0
BRDA:744,90,0,2
BRDA:744,90,1,0
BRDA:744,91,0,2
BRDA:744,91,1,0
BRDA:744,92,0,2
BRDA:744,92,1,0
BRDA:744,93,0,2
BRDA:744,93,1,0
BRDA:769,94,0,0
BRDA:769,94,1,1
BRDA:783,95,0,1
BRDA:783,95,1,0
BRDA:794,96,0,1
BRDA:794,96,1,0
BRDA:816,97,0,0
BRDA:817,98,0,1
BRDA:821,99,0,0
BRDA:822,100,0,0
BRDA:823,101,0,0
BRDA:825,102,0,0
BRDA:826,103,0,0
BRDA:827,104,0,1
BRDA:846,105,0,0
BRDA:846,105,1,0
BRDA:849,106,0,0
BRDA:849,106,1,0
BRDA:850,107,0,0
BRDA:850,107,1,0
BRDA:851,108,0,0
BRDA:851,108,1,0
BRDA:852,109,0,0
BRDA:852,109,1,0
BRDA:853,110,0,0
BRDA:853,110,1,0
BRDA:854,111,0,0
BRDA:854,111,1,0
BRDA:855,112,0,0
BRDA:855,112,1,0
BRDA:856,113,0,0
BRDA:856,113,1,0
BRDA:857,114,0,0
BRDA:857,114,1,0
BRDA:858,115,0,0
BRDA:858,115,1,0
BRDA:859,116,0,0
BRDA:859,116,1,0
BRDA:860,117,0,0
BRDA:860,117,1,0
BRDA:861,118,0,0
BRDA:861,118,1,0
BRDA:862,119,0,0
BRDA:862,119,1,0
BRDA:945,120,0,2
BRDA:945,120,1,0
BRDA:976,121,0,0
BRDA:976,121,1,1
BRDA:990,122,0,1
BRDA:990,122,1,0
BRDA:1010,123,0,0
BRDA:1010,124,0,0
BRDA:1010,125,0,0
BRDA:1010,126,0,0
BRDA:1010,127,0,2
BRDA:1012,128,0,2
BRDA:1012,128,1,0
BRDA:1014,129,0,1
BRDA:1014,129,1,1
BRDA:1035,130,0,0
BRDA:1035,130,1,1
BRDA:1038,131,0,1
BRDA:1038,131,1,0
BRDA:1038,132,0,1
BRDA:1038,132,1,1
BRDA:1038,132,2,1
BRDA:1043,133,0,0
BRDA:1043,133,1,1
BRDA:1044,134,0,0
BRDA:1044,134,1,1
BRDA:1045,135,0,0
BRDA:1045,135,1,1
BRDA:1046,136,0,0
BRDA:1046,136,1,1
BRDA:1047,137,0,0
BRDA:1047,137,1,1
BRDA:1048,138,0,1
BRDA:1048,138,1,0
BRDA:1049,139,0,0
BRDA:1049,139,1,1
BRDA:1050,140,0,1
BRDA:1050,140,1,0
BRDA:1051,141,0,1
BRDA:1051,141,1,0
BRDA:1078,142,0,0
BRDA:1078,142,1,1
BRF:283
BRH:145
end_of_record
