TN:
SF:db.js
FN:12,(anonymous_0)
FN:17,(anonymous_1)
FN:29,(anonymous_2)
FN:30,(anonymous_3)
FN:31,(anonymous_4)
FN:39,(anonymous_5)
FN:40,(anonymous_6)
FN:41,(anonymous_7)
FN:48,(anonymous_8)
FN:49,(anonymous_9)
FN:50,(anonymous_10)
FN:57,(anonymous_11)
FN:58,(anonymous_12)
FN:59,(anonymous_13)
FN:66,(anonymous_14)
FN:67,(anonymous_15)
FN:68,(anonymous_16)
FN:76,initDatabase
FN:77,(anonymous_18)
FN:78,(anonymous_19)
FN:207,(anonymous_20)
FN:220,seedSampleData
FN:221,(anonymous_22)
FN:259,(anonymous_23)
FN:261,(anonymous_24)
FN:265,(anonymous_25)
FN:269,(anonymous_26)
FN:273,(anonymous_27)
FN:277,(anonymous_28)
FN:281,(anonymous_29)
FN:284,(anonymous_30)
FNF:31
FNH:28
FNDA:1,(anonymous_0)
FNDA:1,(anonymous_1)
FNDA:1,(anonymous_2)
FNDA:1,(anonymous_3)
FNDA:1,(anonymous_4)
FNDA:13,(anonymous_5)
FNDA:13,(anonymous_6)
FNDA:13,(anonymous_7)
FNDA:32,(anonymous_8)
FNDA:32,(anonymous_9)
FNDA:32,(anonymous_10)
FNDA:31,(anonymous_11)
FNDA:31,(anonymous_12)
FNDA:31,(anonymous_13)
FNDA:0,(anonymous_14)
FNDA:0,(anonymous_15)
FNDA:0,(anonymous_16)
FNDA:1,initDatabase
FNDA:1,(anonymous_18)
FNDA:1,(anonymous_19)
FNDA:1,(anonymous_20)
FNDA:1,seedSampleData
FNDA:1,(anonymous_22)
FNDA:1,(anonymous_23)
FNDA:4,(anonymous_24)
FNDA:3,(anonymous_25)
FNDA:3,(anonymous_26)
FNDA:2,(anonymous_27)
FNDA:2,(anonymous_28)
FNDA:2,(anonymous_29)
FNDA:1,(anonymous_30)
DA:5,1
DA:6,1
DA:7,1
DA:8,1
DA:12,1
DA:13,1
DA:14,1
DA:17,1
DA:18,1
DA:19,0
DA:20,0
DA:22,1
DA:23,0
DA:25,1
DA:29,1
DA:30,1
DA:31,1
DA:32,1
DA:33,1
DA:39,1
DA:40,13
DA:41,13
DA:42,13
DA:43,13
DA:48,1
DA:49,32
DA:50,32
DA:51,32
DA:52,32
DA:57,1
DA:58,31
DA:59,31
DA:60,31
DA:61,31
DA:66,1
DA:67,0
DA:68,0
DA:69,0
DA:77,1
DA:78,1
DA:80,1
DA:83,1
DA:99,1
DA:116,1
DA:134,1
DA:151,1
DA:175,1
DA:194,1
DA:195,1
DA:196,1
DA:197,1
DA:198,1
DA:199,1
DA:200,1
DA:201,1
DA:202,1
DA:203,1
DA:204,1
DA:207,1
DA:208,1
DA:209,0
DA:210,1
DA:211,1
DA:213,0
DA:221,1
DA:222,1
DA:223,0
DA:225,1
DA:232,1
DA:238,1
DA:244,1
DA:249,1
DA:254,1
DA:259,1
DA:260,1
DA:261,4
DA:262,1
DA:264,1
DA:265,3
DA:266,1
DA:268,1
DA:269,3
DA:270,1
DA:272,1
DA:273,2
DA:274,1
DA:276,1
DA:277,2
DA:278,1
DA:280,1
DA:281,2
DA:282,1
DA:284,1
DA:285,1
DA:286,0
DA:288,1
DA:289,0
DA:291,1
LF:98
LH:87
BRDA:8,0,0,1
BRDA:8,0,1,0
BRDA:18,1,0,0
BRDA:18,1,1,1
BRDA:22,2,0,0
BRDA:22,2,1,1
BRDA:32,3,0,0
BRDA:32,3,1,1
BRDA:39,4,0,7
BRDA:42,5,0,0
BRDA:42,5,1,13
BRDA:48,6,0,0
BRDA:51,7,0,0
BRDA:51,7,1,32
BRDA:52,8,0,32
BRDA:52,8,1,6
BRDA:57,9,0,0
BRDA:60,10,0,0
BRDA:60,10,1,31
BRDA:208,11,0,0
BRDA:208,11,1,1
BRDA:210,12,0,1
BRDA:210,12,1,0
BRDA:210,13,0,1
BRDA:210,13,1,1
BRDA:222,14,0,0
BRDA:222,14,1,1
BRDA:285,15,0,0
BRDA:285,15,1,1
BRDA:288,16,0,0
BRDA:288,16,1,1
BRF:31
BRH:17
end_of_record
TN:
SF:server.js
FN:13,(anonymous_0)
FN:16,(anonymous_1)
FN:32,(anonymous_2)
FN:49,(anonymous_3)
FN:67,(anonymous_4)
FN:84,(anonymous_5)
FN:107,(anonymous_6)
FN:127,(anonymous_7)
FN:140,(anonymous_8)
FN:142,(anonymous_9)
FN:143,(anonymous_10)
FN:168,(anonymous_11)
FN:169,(anonymous_12)
FN:189,(anonymous_13)
FN:203,(anonymous_14)
FN:227,(anonymous_15)
FN:241,(anonymous_16)
FN:258,(anonymous_17)
FN:290,(anonymous_18)
FN:305,(anonymous_19)
FN:314,(anonymous_20)
FN:326,(anonymous_21)
FN:343,(anonymous_22)
FN:373,(anonymous_23)
FN:384,(anonymous_24)
FN:429,(anonymous_25)
FN:445,(anonymous_26)
FN:465,(anonymous_27)
FN:476,(anonymous_28)
FN:500,(anonymous_29)
FN:533,(anonymous_30)
FN:542,(anonymous_31)
FN:562,(anonymous_32)
FN:571,(anonymous_33)
FN:580,(anonymous_34)
FN:612,(anonymous_35)
FN:657,(anonymous_36)
FN:668,(anonymous_37)
FN:682,(anonymous_38)
FN:724,(anonymous_39)
FN:736,(anonymous_40)
FN:749,(anonymous_41)
FN:805,(anonymous_42)
FN:836,(anonymous_43)
FN:872,(anonymous_44)
FN:881,(anonymous_45)
FN:897,(anonymous_46)
FN:915,(anonymous_47)
FN:927,(anonymous_48)
FN:958,(anonymous_49)
FN:1001,(anonymous_50)
FN:1025,(anonymous_51)
FN:1061,(anonymous_52)
FN:1073,(anonymous_53)
FNF:54
FNH:50
FNDA:9,(anonymous_0)
FNDA:7,(anonymous_1)
FNDA:7,(anonymous_2)
FNDA:2,(anonymous_3)
FNDA:6,(anonymous_4)
FNDA:5,(anonymous_5)
FNDA:5,(anonymous_6)
FNDA:1,(anonymous_7)
FNDA:4,(anonymous_8)
FNDA:12,(anonymous_9)
FNDA:3,(anonymous_10)
FNDA:1,(anonymous_11)
FNDA:3,(anonymous_12)
FNDA:2,(anonymous_13)
FNDA:1,(anonymous_14)
FNDA:0,(anonymous_15)
FNDA:1,(anonymous_16)
FNDA:2,(anonymous_17)
FNDA:2,(anonymous_18)
FNDA:1,(anonymous_19)
FNDA:2,(anonymous_20)
FNDA:2,(anonymous_21)
FNDA:2,(anonymous_22)
FNDA:1,(anonymous_23)
FNDA:1,(anonymous_24)
FNDA:1,(anonymous_25)
FNDA:1,(anonymous_26)
FNDA:1,(anonymous_27)
FNDA:1,(anonymous_28)
FNDA:0,(anonymous_29)
FNDA:1,(anonymous_30)
FNDA:2,(anonymous_31)
FNDA:1,(anonymous_32)
FNDA:1,(anonymous_33)
FNDA:2,(anonymous_34)
FNDA:1,(anonymous_35)
FNDA:1,(anonymous_36)
FNDA:1,(anonymous_37)
FNDA:2,(anonymous_38)
FNDA:1,(anonymous_39)
FNDA:2,(anonymous_40)
FNDA:1,(anonymous_41)
FNDA:1,(anonymous_42)
FNDA:0,(anonymous_43)
FNDA:1,(anonymous_44)
FNDA:1,(anonymous_45)
FNDA:1,(anonymous_46)
FNDA:1,(anonymous_47)
FNDA:2,(anonymous_48)
FNDA:1,(anonymous_49)
FNDA:2,(anonymous_50)
FNDA:1,(anonymous_51)
FNDA:1,(anonymous_52)
FNDA:0,(anonymous_53)
DA:6,1
DA:7,1
DA:9,1
DA:10,1
DA:13,9
DA:16,1
DA:17,7
DA:18,7
DA:32,1
DA:33,7
DA:34,7
DA:49,1
DA:50,2
DA:51,2
DA:67,1
DA:68,6
DA:69,6
DA:84,1
DA:85,5
DA:86,5
DA:107,1
DA:108,5
DA:109,5
DA:127,1
DA:128,1
DA:129,1
DA:132,1
DA:140,1
DA:141,4
DA:142,12
DA:143,3
DA:168,4
DA:169,4
DA:170,4
DA:171,4
DA:173,4
DA:182,1
DA:184,0
DA:185,0
DA:189,1
DA:190,2
DA:191,2
DA:192,2
DA:193,1
DA:196,1
DA:203,1
DA:227,1
DA:228,1
DA:230,1
DA:237,0
DA:241,1
DA:242,1
DA:243,1
DA:244,1
DA:246,1
DA:251,1
DA:252,1
DA:254,0
DA:258,1
DA:259,2
DA:260,2
DA:262,2
DA:263,2
DA:264,1
DA:267,1
DA:277,1
DA:283,1
DA:284,1
DA:286,0
DA:290,1
DA:291,2
DA:292,2
DA:293,2
DA:294,1
DA:296,1
DA:297,1
DA:299,0
DA:305,1
DA:306,1
DA:307,1
DA:308,1
DA:310,0
DA:314,1
DA:315,2
DA:316,2
DA:317,2
DA:318,1
DA:320,1
DA:322,0
DA:326,1
DA:327,2
DA:328,2
DA:329,2
DA:331,2
DA:336,2
DA:337,2
DA:339,0
DA:343,1
DA:344,2
DA:345,2
DA:346,2
DA:347,2
DA:349,1
DA:360,1
DA:366,1
DA:367,1
DA:369,0
DA:373,1
DA:374,1
DA:375,1
DA:376,1
DA:378,0
DA:384,1
DA:385,1
DA:386,1
DA:389,1
DA:390,1
DA:391,1
DA:392,0
DA:396,1
DA:397,1
DA:398,1
DA:399,0
DA:403,1
DA:404,1
DA:405,0
DA:409,1
DA:410,1
DA:413,1
DA:414,1
DA:420,1
DA:422,1
DA:423,1
DA:425,0
DA:429,1
DA:430,1
DA:431,1
DA:432,1
DA:435,1
DA:437,1
DA:439,1
DA:441,0
DA:445,1
DA:446,1
DA:447,1
DA:448,1
DA:450,1
DA:451,1
DA:454,1
DA:455,1
DA:456,1
DA:459,1
DA:461,0
DA:465,1
DA:466,1
DA:467,1
DA:468,1
DA:469,1
DA:470,1
DA:472,0
DA:476,1
DA:477,1
DA:478,1
DA:479,1
DA:480,1
DA:481,1
DA:483,1
DA:484,1
DA:486,1
DA:500,1
DA:525,1
DA:527,0
DA:533,1
DA:534,1
DA:535,1
DA:542,2
DA:556,1
DA:558,0
DA:562,1
DA:563,1
DA:564,1
DA:565,1
DA:567,0
DA:571,1
DA:572,1
DA:573,1
DA:574,1
DA:576,0
DA:580,1
DA:581,2
DA:582,2
DA:583,2
DA:585,2
DA:590,0
DA:593,2
DA:594,1
DA:596,1
DA:597,0
DA:600,1
DA:605,1
DA:606,1
DA:608,0
DA:612,1
DA:613,1
DA:614,1
DA:615,1
DA:616,1
DA:618,1
DA:629,1
DA:634,0
DA:637,1
DA:638,0
DA:640,1
DA:641,0
DA:644,1
DA:650,1
DA:651,1
DA:653,0
DA:657,1
DA:658,1
DA:659,1
DA:660,1
DA:662,0
DA:668,1
DA:669,1
DA:670,1
DA:682,2
DA:718,1
DA:720,0
DA:724,1
DA:725,1
DA:726,1
DA:734,1
DA:736,1
DA:737,2
DA:738,2
DA:741,1
DA:742,1
DA:743,1
DA:745,0
DA:749,1
DA:750,1
DA:751,1
DA:763,1
DA:765,1
DA:801,0
DA:805,1
DA:806,1
DA:807,1
DA:822,1
DA:824,1
DA:829,1
DA:830,1
DA:832,0
DA:836,1
DA:837,0
DA:838,0
DA:839,0
DA:840,0
DA:842,0
DA:859,0
DA:865,0
DA:866,0
DA:868,0
DA:872,1
DA:873,1
DA:874,1
DA:875,1
DA:877,0
DA:881,1
DA:882,1
DA:883,1
DA:884,1
DA:891,1
DA:893,0
DA:897,1
DA:898,1
DA:899,1
DA:900,1
DA:906,1
DA:907,1
DA:909,0
DA:915,1
DA:916,1
DA:917,1
DA:927,2
DA:952,1
DA:954,0
DA:958,1
DA:959,1
DA:960,1
DA:970,1
DA:972,1
DA:997,0
DA:1001,1
DA:1002,2
DA:1003,2
DA:1004,2
DA:1006,2
DA:1007,2
DA:1008,2
DA:1009,1
DA:1013,1
DA:1018,1
DA:1019,1
DA:1021,0
DA:1025,1
DA:1026,1
DA:1027,1
DA:1028,1
DA:1029,1
DA:1031,1
DA:1032,1
DA:1033,1
DA:1036,1
DA:1048,1
DA:1054,1
DA:1055,1
DA:1057,0
DA:1061,1
DA:1062,1
DA:1063,1
DA:1064,1
DA:1066,0
DA:1072,1
DA:1073,0
DA:1074,0
LF:327
LH:274
BRDA:7,0,0,1
BRDA:7,0,1,1
BRDA:17,1,0,0
BRDA:17,1,1,7
BRDA:33,2,0,0
BRDA:33,2,1,7
BRDA:50,3,0,0
BRDA:50,3,1,2
BRDA:68,4,0,0
BRDA:68,4,1,6
BRDA:85,5,0,0
BRDA:85,5,1,5
BRDA:108,6,0,0
BRDA:108,6,1,5
BRDA:168,7,0,1
BRDA:168,7,1,0
BRDA:168,8,0,0
BRDA:168,8,1,1
BRDA:175,9,0,4
BRDA:175,9,1,2
BRDA:176,10,0,4
BRDA:176,10,1,2
BRDA:192,11,0,1
BRDA:192,11,1,1
BRDA:227,12,0,0
BRDA:227,12,1,0
BRDA:227,13,0,0
BRDA:227,13,1,0
BRDA:228,14,0,1
BRDA:228,14,1,0
BRDA:232,15,0,1
BRDA:232,15,1,0
BRDA:233,16,0,1
BRDA:233,16,1,0
BRDA:244,17,0,0
BRDA:244,18,0,0
BRDA:244,19,0,0
BRDA:244,20,0,1
BRDA:244,21,0,0
BRDA:244,22,0,0
BRDA:263,23,0,1
BRDA:263,23,1,1
BRDA:268,24,0,0
BRDA:268,24,1,1
BRDA:269,25,0,0
BRDA:269,25,1,1
BRDA:270,26,0,0
BRDA:270,26,1,1
BRDA:271,27,0,0
BRDA:271,27,1,1
BRDA:272,28,0,0
BRDA:272,28,1,1
BRDA:273,29,0,1
BRDA:273,29,1,0
BRDA:274,30,0,0
BRDA:274,30,1,1
BRDA:293,31,0,1
BRDA:293,31,1,1
BRDA:317,32,0,1
BRDA:317,32,1,1
BRDA:329,33,0,0
BRDA:329,34,0,0
BRDA:329,35,0,0
BRDA:329,36,0,2
BRDA:329,37,0,1
BRDA:329,38,0,2
BRDA:329,39,0,2
BRDA:347,40,0,1
BRDA:347,40,1,1
BRDA:350,41,0,1
BRDA:350,41,1,0
BRDA:351,42,0,0
BRDA:351,42,1,1
BRDA:352,43,0,0
BRDA:352,43,1,1
BRDA:353,44,0,0
BRDA:353,44,1,1
BRDA:354,45,0,0
BRDA:354,45,1,1
BRDA:355,46,0,0
BRDA:355,46,1,1
BRDA:356,47,0,0
BRDA:356,47,1,1
BRDA:357,48,0,0
BRDA:357,48,1,1
BRDA:390,49,0,0
BRDA:390,49,1,1
BRDA:391,50,0,0
BRDA:391,50,1,1
BRDA:397,51,0,1
BRDA:397,51,1,0
BRDA:398,52,0,0
BRDA:398,52,1,1
BRDA:404,53,0,0
BRDA:404,53,1,1
BRDA:409,54,0,1
BRDA:409,54,1,0
BRDA:417,55,0,1
BRDA:417,55,1,0
BRDA:417,56,0,1
BRDA:417,56,1,0
BRDA:417,57,0,1
BRDA:417,57,1,0
BRDA:432,58,0,0
BRDA:432,58,1,1
BRDA:448,59,0,0
BRDA:448,59,1,1
BRDA:455,60,0,1
BRDA:455,60,1,0
BRDA:478,61,0,1
BRDA:478,61,1,0
BRDA:583,62,0,0
BRDA:583,63,0,0
BRDA:585,64,0,0
BRDA:585,64,1,2
BRDA:585,65,0,2
BRDA:585,65,1,2
BRDA:585,65,2,2
BRDA:585,65,3,2
BRDA:585,65,4,2
BRDA:585,65,5,2
BRDA:585,65,6,2
BRDA:585,65,7,2
BRDA:585,65,8,2
BRDA:585,65,9,2
BRDA:585,65,10,2
BRDA:585,65,11,2
BRDA:585,65,12,2
BRDA:585,65,13,2
BRDA:593,66,0,1
BRDA:593,66,1,1
BRDA:596,67,0,0
BRDA:596,67,1,1
BRDA:616,68,0,0
BRDA:616,68,1,1
BRDA:619,69,0,0
BRDA:619,69,1,1
BRDA:620,70,0,0
BRDA:620,70,1,1
BRDA:621,71,0,0
BRDA:621,71,1,1
BRDA:622,72,0,1
BRDA:622,72,1,0
BRDA:623,73,0,0
BRDA:623,73,1,1
BRDA:624,74,0,1
BRDA:624,74,1,0
BRDA:625,75,0,0
BRDA:625,75,1,1
BRDA:626,76,0,0
BRDA:626,76,1,1
BRDA:629,77,0,0
BRDA:629,77,1,1
BRDA:629,78,0,1
BRDA:629,78,1,1
BRDA:629,78,2,1
BRDA:629,78,3,1
BRDA:629,78,4,1
BRDA:629,78,5,1
BRDA:629,78,6,1
BRDA:629,78,7,1
BRDA:629,78,8,1
BRDA:629,78,9,1
BRDA:629,78,10,1
BRDA:629,78,11,1
BRDA:629,78,12,1
BRDA:629,78,13,1
BRDA:637,79,0,0
BRDA:637,79,1,1
BRDA:640,80,0,0
BRDA:640,80,1,1
BRDA:694,81,0,2
BRDA:694,81,1,0
BRDA:705,82,0,2
BRDA:705,82,1,0
BRDA:737,83,0,1
BRDA:737,83,1,1
BRDA:737,84,0,0
BRDA:737,84,1,1
BRDA:738,85,0,2
BRDA:738,85,1,0
BRDA:738,86,0,2
BRDA:738,86,1,0
BRDA:738,87,0,2
BRDA:738,87,1,0
BRDA:738,88,0,2
BRDA:738,88,1,0
BRDA:738,89,0,2
BRDA:738,89,1,0
BRDA:738,90,0,2
BRDA:738,90,1,0
BRDA:738,91,0,2
BRDA:738,91,1,0
BRDA:738,92,0,2
BRDA:738,92,1,0
BRDA:763,93,0,0
BRDA:763,93,1,1
BRDA:777,94,0,1
BRDA:777,94,1,0
BRDA:788,95,0,1
BRDA:788,95,1,0
BRDA:810,96,0,0
BRDA:811,97,0,1
BRDA:815,98,0,0
BRDA:816,99,0,0
BRDA:817,100,0,0
BRDA:819,101,0,0
BRDA:820,102,0,0
BRDA:821,103,0,1
BRDA:840,104,0,0
BRDA:840,104,1,0
BRDA:843,105,0,0
BRDA:843,105,1,0
BRDA:844,106,0,0
BRDA:844,106,1,0
BRDA:845,107,0,0
BRDA:845,107,1,0
BRDA:846,108,0,0
BRDA:846,108,1,0
BRDA:847,109,0,0
BRDA:847,109,1,0
BRDA:848,110,0,0
BRDA:848,110,1,0
BRDA:849,111,0,0
BRDA:849,111,1,0
BRDA:850,112,0,0
BRDA:850,112,1,0
BRDA:851,113,0,0
BRDA:851,113,1,0
BRDA:852,114,0,0
BRDA:852,114,1,0
BRDA:853,115,0,0
BRDA:853,115,1,0
BRDA:854,116,0,0
BRDA:854,116,1,0
BRDA:855,117,0,0
BRDA:855,117,1,0
BRDA:856,118,0,0
BRDA:856,118,1,0
BRDA:939,119,0,2
BRDA:939,119,1,0
BRDA:970,120,0,0
BRDA:970,120,1,1
BRDA:984,121,0,1
BRDA:984,121,1,0
BRDA:1004,122,0,0
BRDA:1004,123,0,0
BRDA:1004,124,0,0
BRDA:1004,125,0,0
BRDA:1004,126,0,2
BRDA:1006,127,0,2
BRDA:1006,127,1,0
BRDA:1008,128,0,1
BRDA:1008,128,1,1
BRDA:1029,129,0,0
BRDA:1029,129,1,1
BRDA:1032,130,0,1
BRDA:1032,130,1,0
BRDA:1032,131,0,1
BRDA:1032,131,1,1
BRDA:1032,131,2,1
BRDA:1037,132,0,0
BRDA:1037,132,1,1
BRDA:1038,133,0,0
BRDA:1038,133,1,1
BRDA:1039,134,0,0
BRDA:1039,134,1,1
BRDA:1040,135,0,0
BRDA:1040,135,1,1
BRDA:1041,136,0,0
BRDA:1041,136,1,1
BRDA:1042,137,0,1
BRDA:1042,137,1,0
BRDA:1043,138,0,0
BRDA:1043,138,1,1
BRDA:1044,139,0,1
BRDA:1044,139,1,0
BRDA:1045,140,0,1
BRDA:1045,140,1,0
BRDA:1072,141,0,0
BRDA:1072,141,1,1
BRF:281
BRH:144
end_of_record
